<?xml version="1.0" encoding="UTF-8"?>
<testsuite xmlns:xsi="http://www.w3.org/2001/XMLSchema-instance" xsi:noNamespaceSchemaLocation="https://maven.apache.org/surefire/maven-surefire-plugin/xsd/surefire-test-report-3.0.xsd" version="3.0" name="com.example.cryptorecommendationsservice.controller.CryptoControllerTest" time="8.511" tests="5" errors="0" skipped="0" failures="0">
  <properties>
[...]
</properties>
  <testcase name="testGetSupportedCryptos" classname="com.example.cryptorecommendationsservice.controller.CryptoControllerTest" time="0.541">
    <system-out><![CDATA[15:40:14.645 [main] INFO org.springframework.test.context.support.AnnotationConfigContextLoaderUtils -- Could not detect default configuration classes for test class [com.example.cryptorecommendationsservice.controller.CryptoControllerTest]: CryptoControllerTest does not declare any static, non-private, non-final, nested classes annotated with @Configuration.
15:40:14.920 [main] INFO org.springframework.boot.test.context.SpringBootTestContextBootstrapper -- Found @SpringBootConfiguration com.example.cryptorecommendationsservice.CryptoRecommendationsServiceApplication for test class com.example.cryptorecommendationsservice.controller.CryptoControllerTest

  .   ____          _            __ _ _
 /\\ / ___'_ __ _ _(_)_ __  __ _ \ \ \ \
( ( )\___ | '_ | '_| | '_ \/ _` | \ \ \ \
 \\/  ___)| |_)| | | | | || (_| |  ) ) ) )
  '  |____| .__|_| |_|_| |_\__, | / / / /
 =========|_|==============|___/=/_/_/_/

 :: Spring Boot ::                (v3.3.5)

2024-11-05T15:40:15.408+02:00  INFO 31004 --- [CryptoRecommendationsService] [           main] c.e.c.controller.CryptoControllerTest    : Starting CryptoControllerTest using Java 23 with PID 31004 (started by louso in C:\dev\crypto-recommendations-service)
2024-11-05T15:40:15.409+02:00  INFO 31004 --- [CryptoRecommendationsService] [           main] c.e.c.controller.CryptoControllerTest    : No active profile set, falling back to 1 default profile: "default"
2024-11-05T15:40:16.294+02:00  INFO 31004 --- [CryptoRecommendationsService] [           main] .s.d.r.c.RepositoryConfigurationDelegate : Bootstrapping Spring Data JPA repositories in DEFAULT mode.
2024-11-05T15:40:16.353+02:00  INFO 31004 --- [CryptoRecommendationsService] [           main] .s.d.r.c.RepositoryConfigurationDelegate : Finished Spring Data repository scanning in 48 ms. Found 2 JPA repository interfaces.
2024-11-05T15:40:16.854+02:00  INFO 31004 --- [CryptoRecommendationsService] [           main] o.hibernate.jpa.internal.util.LogHelper  : HHH000204: Processing PersistenceUnitInfo [name: default]
2024-11-05T15:40:16.933+02:00  INFO 31004 --- [CryptoRecommendationsService] [           main] org.hibernate.Version                    : HHH000412: Hibernate ORM core version 6.5.3.Final
2024-11-05T15:40:16.982+02:00  INFO 31004 --- [CryptoRecommendationsService] [           main] o.h.c.internal.RegionFactoryInitiator    : HHH000026: Second-level cache disabled
2024-11-05T15:40:17.367+02:00  INFO 31004 --- [CryptoRecommendationsService] [           main] o.s.o.j.p.SpringPersistenceUnitInfo      : No LoadTimeWeaver setup: ignoring JPA class transformer
2024-11-05T15:40:17.406+02:00  INFO 31004 --- [CryptoRecommendationsService] [           main] com.zaxxer.hikari.HikariDataSource       : HikariPool-1 - Starting...
2024-11-05T15:40:17.747+02:00  INFO 31004 --- [CryptoRecommendationsService] [           main] com.zaxxer.hikari.pool.HikariPool        : HikariPool-1 - Added connection conn0: url=jdbc:h2:~/cryptoservice user=SA
2024-11-05T15:40:17.749+02:00  INFO 31004 --- [CryptoRecommendationsService] [           main] com.zaxxer.hikari.HikariDataSource       : HikariPool-1 - Start completed.
2024-11-05T15:40:18.710+02:00  INFO 31004 --- [CryptoRecommendationsService] [           main] o.h.e.t.j.p.i.JtaPlatformInitiator       : HHH000489: No JTA platform available (set 'hibernate.transaction.jta.platform' to enable JTA platform integration)
2024-11-05T15:40:18.790+02:00  INFO 31004 --- [CryptoRecommendationsService] [           main] j.LocalContainerEntityManagerFactoryBean : Initialized JPA EntityManagerFactory for persistence unit 'default'
2024-11-05T15:40:19.135+02:00  INFO 31004 --- [CryptoRecommendationsService] [           main] o.s.d.j.r.query.QueryEnhancerFactory     : Hibernate is in classpath; If applicable, HQL parser will be used.
2024-11-05T15:40:20.105+02:00  INFO 31004 --- [CryptoRecommendationsService] [           main] c.e.c.service.CsvImportService           : Saved price data for crypto symbol BTC at timestamp 1641009600000 with price 46813.21000000
2024-11-05T15:40:20.110+02:00  INFO 31004 --- [CryptoRecommendationsService] [           main] c.e.c.service.CsvImportService           : Saved price data for crypto symbol BTC at timestamp 1641020400000 with price 46979.61000000
2024-11-05T15:40:20.113+02:00  INFO 31004 --- [CryptoRecommendationsService] [           main] c.e.c.service.CsvImportService           : Saved price data for crypto symbol BTC at timestamp 1641031200000 with price 47143.98000000
2024-11-05T15:40:20.116+02:00  INFO 31004 --- [CryptoRecommendationsService] [           main] c.e.c.service.CsvImportService           : Saved price data for crypto symbol BTC at timestamp 1641034800000 with price 46871.09000000
2024-11-05T15:40:20.119+02:00  INFO 31004 --- [CryptoRecommendationsService] [           main] c.e.c.service.CsvImportService           : Saved price data for crypto symbol BTC at timestamp 1641045600000 with price 47023.24000000
2024-11-05T15:40:20.121+02:00  INFO 31004 --- [CryptoRecommendationsService] [           main] c.e.c.service.CsvImportService           : Saved price data for crypto symbol BTC at timestamp 1641081600000 with price 47722.66000000
2024-11-05T15:40:20.124+02:00  INFO 31004 --- [CryptoRecommendationsService] [           main] c.e.c.service.CsvImportService           : Saved price data for crypto symbol BTC at timestamp 1641160800000 with price 47017.98000000
2024-11-05T15:40:20.128+02:00  INFO 31004 --- [CryptoRecommendationsService] [           main] c.e.c.service.CsvImportService           : Saved price data for crypto symbol BTC at timestamp 1641175200000 with price 47116.22000000
2024-11-05T15:40:20.132+02:00  INFO 31004 --- [CryptoRecommendationsService] [           main] c.e.c.service.CsvImportService           : Saved price data for crypto symbol BTC at timestamp 1641243600000 with price 45922.01000000
2024-11-05T15:40:20.136+02:00  INFO 31004 --- [CryptoRecommendationsService] [           main] c.e.c.service.CsvImportService           : Saved price data for crypto symbol BTC at timestamp 1641308400000 with price 47336.98000000
2024-11-05T15:40:20.139+02:00  INFO 31004 --- [CryptoRecommendationsService] [           main] c.e.c.service.CsvImportService           : Saved price data for crypto symbol BTC at timestamp 1641355200000 with price 46422.56000000
2024-11-05T15:40:20.142+02:00  INFO 31004 --- [CryptoRecommendationsService] [           main] c.e.c.service.CsvImportService           : Saved price data for crypto symbol BTC at timestamp 1641369600000 with price 46407.50000000
2024-11-05T15:40:20.145+02:00  INFO 31004 --- [CryptoRecommendationsService] [           main] c.e.c.service.CsvImportService           : Saved price data for crypto symbol BTC at timestamp 1641376800000 with price 46858.93000000
2024-11-05T15:40:20.148+02:00  INFO 31004 --- [CryptoRecommendationsService] [           main] c.e.c.service.CsvImportService           : Saved price data for crypto symbol BTC at timestamp 1641394800000 with price 46689.52000000
2024-11-05T15:40:20.151+02:00  INFO 31004 --- [CryptoRecommendationsService] [           main] c.e.c.service.CsvImportService           : Saved price data for crypto symbol BTC at timestamp 1641405600000 with price 46010.72000000
2024-11-05T15:40:20.154+02:00  INFO 31004 --- [CryptoRecommendationsService] [           main] c.e.c.service.CsvImportService           : Saved price data for crypto symbol BTC at timestamp 1641492000000 with price 43005.30000000
2024-11-05T15:40:20.159+02:00  INFO 31004 --- [CryptoRecommendationsService] [           main] c.e.c.service.CsvImportService           : Saved price data for crypto symbol BTC at timestamp 1641495600000 with price 43369.04000000
2024-11-05T15:40:20.164+02:00  INFO 31004 --- [CryptoRecommendationsService] [           main] c.e.c.service.CsvImportService           : Saved price data for crypto symbol BTC at timestamp 1641506400000 with price 43120.63000000
2024-11-05T15:40:20.169+02:00  INFO 31004 --- [CryptoRecommendationsService] [           main] c.e.c.service.CsvImportService           : Saved price data for crypto symbol BTC at timestamp 1641546000000 with price 42088.61000000
2024-11-05T15:40:20.174+02:00  INFO 31004 --- [CryptoRecommendationsService] [           main] c.e.c.service.CsvImportService           : Saved price data for crypto symbol BTC at timestamp 1641553200000 with price 42172.84000000
2024-11-05T15:40:20.178+02:00  INFO 31004 --- [CryptoRecommendationsService] [           main] c.e.c.service.CsvImportService           : Saved price data for crypto symbol BTC at timestamp 1641603600000 with price 41991.89000000
2024-11-05T15:40:20.182+02:00  INFO 31004 --- [CryptoRecommendationsService] [           main] c.e.c.service.CsvImportService           : Saved price data for crypto symbol BTC at timestamp 1641614400000 with price 41810.92000000
2024-11-05T15:40:20.186+02:00  INFO 31004 --- [CryptoRecommendationsService] [           main] c.e.c.service.CsvImportService           : Saved price data for crypto symbol BTC at timestamp 1641711600000 with price 41873.62000000
2024-11-05T15:40:20.189+02:00  INFO 31004 --- [CryptoRecommendationsService] [           main] c.e.c.service.CsvImportService           : Saved price data for crypto symbol BTC at timestamp 1641754800000 with price 41966.99000000
2024-11-05T15:40:20.192+02:00  INFO 31004 --- [CryptoRecommendationsService] [           main] c.e.c.service.CsvImportService           : Saved price data for crypto symbol BTC at timestamp 1641776400000 with price 41655.18000000
2024-11-05T15:40:20.195+02:00  INFO 31004 --- [CryptoRecommendationsService] [           main] c.e.c.service.CsvImportService           : Saved price data for crypto symbol BTC at timestamp 1641780000000 with price 41815.32000000
2024-11-05T15:40:20.198+02:00  INFO 31004 --- [CryptoRecommendationsService] [           main] c.e.c.service.CsvImportService           : Saved price data for crypto symbol BTC at timestamp 1641783600000 with price 41927.70000000
2024-11-05T15:40:20.200+02:00  INFO 31004 --- [CryptoRecommendationsService] [           main] c.e.c.service.CsvImportService           : Saved price data for crypto symbol BTC at timestamp 1641808800000 with price 41796.01000000
2024-11-05T15:40:20.203+02:00  INFO 31004 --- [CryptoRecommendationsService] [           main] c.e.c.service.CsvImportService           : Saved price data for crypto symbol BTC at timestamp 1641812400000 with price 41778.88000000
2024-11-05T15:40:20.205+02:00  INFO 31004 --- [CryptoRecommendationsService] [           main] c.e.c.service.CsvImportService           : Saved price data for crypto symbol BTC at timestamp 1641823200000 with price 40774.01000000
2024-11-05T15:40:20.209+02:00  INFO 31004 --- [CryptoRecommendationsService] [           main] c.e.c.service.CsvImportService           : Saved price data for crypto symbol BTC at timestamp 1641873600000 with price 42277.99000000
2024-11-05T15:40:20.212+02:00  INFO 31004 --- [CryptoRecommendationsService] [           main] c.e.c.service.CsvImportService           : Saved price data for crypto symbol BTC at timestamp 1641880800000 with price 42110.00000000
2024-11-05T15:40:20.215+02:00  INFO 31004 --- [CryptoRecommendationsService] [           main] c.e.c.service.CsvImportService           : Saved price data for crypto symbol BTC at timestamp 1641916800000 with price 41733.92000000
2024-11-05T15:40:20.217+02:00  INFO 31004 --- [CryptoRecommendationsService] [           main] c.e.c.service.CsvImportService           : Saved price data for crypto symbol BTC at timestamp 1641945600000 with price 42729.29000000
2024-11-05T15:40:20.220+02:00  INFO 31004 --- [CryptoRecommendationsService] [           main] c.e.c.service.CsvImportService           : Saved price data for crypto symbol BTC at timestamp 1641992400000 with price 43285.52000000
2024-11-05T15:40:20.223+02:00  INFO 31004 --- [CryptoRecommendationsService] [           main] c.e.c.service.CsvImportService           : Saved price data for crypto symbol BTC at timestamp 1642003200000 with price 43560.29000000
2024-11-05T15:40:20.226+02:00  INFO 31004 --- [CryptoRecommendationsService] [           main] c.e.c.service.CsvImportService           : Saved price data for crypto symbol BTC at timestamp 1642050000000 with price 43623.01000000
2024-11-05T15:40:20.229+02:00  INFO 31004 --- [CryptoRecommendationsService] [           main] c.e.c.service.CsvImportService           : Saved price data for crypto symbol BTC at timestamp 1642060800000 with price 43699.99000000
2024-11-05T15:40:20.231+02:00  INFO 31004 --- [CryptoRecommendationsService] [           main] c.e.c.service.CsvImportService           : Saved price data for crypto symbol BTC at timestamp 1642086000000 with price 44154.52000000
2024-11-05T15:40:20.234+02:00  INFO 31004 --- [CryptoRecommendationsService] [           main] c.e.c.service.CsvImportService           : Saved price data for crypto symbol BTC at timestamp 1642122000000 with price 42750.66000000
2024-11-05T15:40:20.236+02:00  INFO 31004 --- [CryptoRecommendationsService] [           main] c.e.c.service.CsvImportService           : Saved price data for crypto symbol BTC at timestamp 1642150800000 with price 42519.99000000
2024-11-05T15:40:20.239+02:00  INFO 31004 --- [CryptoRecommendationsService] [           main] c.e.c.service.CsvImportService           : Saved price data for crypto symbol BTC at timestamp 1642176000000 with price 43109.00000000
2024-11-05T15:40:20.243+02:00  INFO 31004 --- [CryptoRecommendationsService] [           main] c.e.c.service.CsvImportService           : Saved price data for crypto symbol BTC at timestamp 1642197600000 with price 43296.29000000
2024-11-05T15:40:20.246+02:00  INFO 31004 --- [CryptoRecommendationsService] [           main] c.e.c.service.CsvImportService           : Saved price data for crypto symbol BTC at timestamp 1642201200000 with price 43250.56000000
2024-11-05T15:40:20.248+02:00  INFO 31004 --- [CryptoRecommendationsService] [           main] c.e.c.service.CsvImportService           : Saved price data for crypto symbol BTC at timestamp 1642255200000 with price 42906.51000000
2024-11-05T15:40:20.250+02:00  INFO 31004 --- [CryptoRecommendationsService] [           main] c.e.c.service.CsvImportService           : Saved price data for crypto symbol BTC at timestamp 1642294800000 with price 43069.69000000
2024-11-05T15:40:20.253+02:00  INFO 31004 --- [CryptoRecommendationsService] [           main] c.e.c.service.CsvImportService           : Saved price data for crypto symbol BTC at timestamp 1642298400000 with price 42996.99000000
2024-11-05T15:40:20.256+02:00  INFO 31004 --- [CryptoRecommendationsService] [           main] c.e.c.service.CsvImportService           : Saved price data for crypto symbol BTC at timestamp 1642309200000 with price 43023.57000000
2024-11-05T15:40:20.259+02:00  INFO 31004 --- [CryptoRecommendationsService] [           main] c.e.c.service.CsvImportService           : Saved price data for crypto symbol BTC at timestamp 1642334400000 with price 42968.30000000
2024-11-05T15:40:20.262+02:00  INFO 31004 --- [CryptoRecommendationsService] [           main] c.e.c.service.CsvImportService           : Saved price data for crypto symbol BTC at timestamp 1642345200000 with price 43300.01000000
2024-11-05T15:40:20.264+02:00  INFO 31004 --- [CryptoRecommendationsService] [           main] c.e.c.service.CsvImportService           : Saved price data for crypto symbol BTC at timestamp 1642410000000 with price 42790.35000000
2024-11-05T15:40:20.267+02:00  INFO 31004 --- [CryptoRecommendationsService] [           main] c.e.c.service.CsvImportService           : Saved price data for crypto symbol BTC at timestamp 1642420800000 with price 42671.30000000
2024-11-05T15:40:20.270+02:00  INFO 31004 --- [CryptoRecommendationsService] [           main] c.e.c.service.CsvImportService           : Saved price data for crypto symbol BTC at timestamp 1642435200000 with price 42477.67000000
2024-11-05T15:40:20.272+02:00  INFO 31004 --- [CryptoRecommendationsService] [           main] c.e.c.service.CsvImportService           : Saved price data for crypto symbol BTC at timestamp 1642442400000 with price 42110.84000000
2024-11-05T15:40:20.274+02:00  INFO 31004 --- [CryptoRecommendationsService] [           main] c.e.c.service.CsvImportService           : Saved price data for crypto symbol BTC at timestamp 1642503600000 with price 41924.73000000
2024-11-05T15:40:20.277+02:00  INFO 31004 --- [CryptoRecommendationsService] [           main] c.e.c.service.CsvImportService           : Saved price data for crypto symbol BTC at timestamp 1642518000000 with price 41449.34000000
2024-11-05T15:40:20.279+02:00  INFO 31004 --- [CryptoRecommendationsService] [           main] c.e.c.service.CsvImportService           : Saved price data for crypto symbol BTC at timestamp 1642521600000 with price 41587.26000000
2024-11-05T15:40:20.282+02:00  INFO 31004 --- [CryptoRecommendationsService] [           main] c.e.c.service.CsvImportService           : Saved price data for crypto symbol BTC at timestamp 1642528800000 with price 41489.04000000
2024-11-05T15:40:20.284+02:00  INFO 31004 --- [CryptoRecommendationsService] [           main] c.e.c.service.CsvImportService           : Saved price data for crypto symbol BTC at timestamp 1642550400000 with price 42352.12000000
2024-11-05T15:40:20.287+02:00  INFO 31004 --- [CryptoRecommendationsService] [           main] c.e.c.service.CsvImportService           : Saved price data for crypto symbol BTC at timestamp 1642557600000 with price 42420.17000000
2024-11-05T15:40:20.292+02:00  INFO 31004 --- [CryptoRecommendationsService] [           main] c.e.c.service.CsvImportService           : Saved price data for crypto symbol BTC at timestamp 1642575600000 with price 41710.59000000
2024-11-05T15:40:20.297+02:00  INFO 31004 --- [CryptoRecommendationsService] [           main] c.e.c.service.CsvImportService           : Saved price data for crypto symbol BTC at timestamp 1642611600000 with price 41912.77000000
2024-11-05T15:40:20.300+02:00  INFO 31004 --- [CryptoRecommendationsService] [           main] c.e.c.service.CsvImportService           : Saved price data for crypto symbol BTC at timestamp 1642644000000 with price 41770.00000000
2024-11-05T15:40:20.307+02:00  INFO 31004 --- [CryptoRecommendationsService] [           main] c.e.c.service.CsvImportService           : Saved price data for crypto symbol BTC at timestamp 1642698000000 with price 43274.77000000
2024-11-05T15:40:20.310+02:00  INFO 31004 --- [CryptoRecommendationsService] [           main] c.e.c.service.CsvImportService           : Saved price data for crypto symbol BTC at timestamp 1642741200000 with price 38842.03000000
2024-11-05T15:40:20.312+02:00  INFO 31004 --- [CryptoRecommendationsService] [           main] c.e.c.service.CsvImportService           : Saved price data for crypto symbol BTC at timestamp 1642838400000 with price 35400.01000000
2024-11-05T15:40:20.315+02:00  INFO 31004 --- [CryptoRecommendationsService] [           main] c.e.c.service.CsvImportService           : Saved price data for crypto symbol BTC at timestamp 1642849200000 with price 35488.54000000
2024-11-05T15:40:20.317+02:00  INFO 31004 --- [CryptoRecommendationsService] [           main] c.e.c.service.CsvImportService           : Saved price data for crypto symbol BTC at timestamp 1642863600000 with price 35009.27000000
2024-11-05T15:40:20.319+02:00  INFO 31004 --- [CryptoRecommendationsService] [           main] c.e.c.service.CsvImportService           : Saved price data for crypto symbol BTC at timestamp 1642881600000 with price 34528.61000000
2024-11-05T15:40:20.322+02:00  INFO 31004 --- [CryptoRecommendationsService] [           main] c.e.c.service.CsvImportService           : Saved price data for crypto symbol BTC at timestamp 1642892400000 with price 34875.00000000
2024-11-05T15:40:20.324+02:00  INFO 31004 --- [CryptoRecommendationsService] [           main] c.e.c.service.CsvImportService           : Saved price data for crypto symbol BTC at timestamp 1642942800000 with price 35803.21000000
2024-11-05T15:40:20.327+02:00  INFO 31004 --- [CryptoRecommendationsService] [           main] c.e.c.service.CsvImportService           : Saved price data for crypto symbol BTC at timestamp 1642950000000 with price 35323.85000000
2024-11-05T15:40:20.330+02:00  INFO 31004 --- [CryptoRecommendationsService] [           main] c.e.c.service.CsvImportService           : Saved price data for crypto symbol BTC at timestamp 1642960800000 with price 35332.59000000
2024-11-05T15:40:20.333+02:00  INFO 31004 --- [CryptoRecommendationsService] [           main] c.e.c.service.CsvImportService           : Saved price data for crypto symbol BTC at timestamp 1642986000000 with price 35840.30000000
2024-11-05T15:40:20.336+02:00  INFO 31004 --- [CryptoRecommendationsService] [           main] c.e.c.service.CsvImportService           : Saved price data for crypto symbol BTC at timestamp 1642993200000 with price 35201.17000000
2024-11-05T15:40:20.339+02:00  INFO 31004 --- [CryptoRecommendationsService] [           main] c.e.c.service.CsvImportService           : Saved price data for crypto symbol BTC at timestamp 1643000400000 with price 35123.57000000
2024-11-05T15:40:20.342+02:00  INFO 31004 --- [CryptoRecommendationsService] [           main] c.e.c.service.CsvImportService           : Saved price data for crypto symbol BTC at timestamp 1643004000000 with price 35184.06000000
2024-11-05T15:40:20.345+02:00  INFO 31004 --- [CryptoRecommendationsService] [           main] c.e.c.service.CsvImportService           : Saved price data for crypto symbol BTC at timestamp 1643022000000 with price 33276.59000000
2024-11-05T15:40:20.348+02:00  INFO 31004 --- [CryptoRecommendationsService] [           main] c.e.c.service.CsvImportService           : Saved price data for crypto symbol BTC at timestamp 1643036400000 with price 33622.70000000
2024-11-05T15:40:20.353+02:00  INFO 31004 --- [CryptoRecommendationsService] [           main] c.e.c.service.CsvImportService           : Saved price data for crypto symbol BTC at timestamp 1643061600000 with price 36807.92000000
2024-11-05T15:40:20.356+02:00  INFO 31004 --- [CryptoRecommendationsService] [           main] c.e.c.service.CsvImportService           : Saved price data for crypto symbol BTC at timestamp 1643094000000 with price 35843.89000000
2024-11-05T15:40:20.359+02:00  INFO 31004 --- [CryptoRecommendationsService] [           main] c.e.c.service.CsvImportService           : Saved price data for crypto symbol BTC at timestamp 1643194800000 with price 37940.46000000
2024-11-05T15:40:20.362+02:00  INFO 31004 --- [CryptoRecommendationsService] [           main] c.e.c.service.CsvImportService           : Saved price data for crypto symbol BTC at timestamp 1643220000000 with price 38040.90000000
2024-11-05T15:40:20.366+02:00  INFO 31004 --- [CryptoRecommendationsService] [           main] c.e.c.service.CsvImportService           : Saved price data for crypto symbol BTC at timestamp 1643245200000 with price 37004.43000000
2024-11-05T15:40:20.370+02:00  INFO 31004 --- [CryptoRecommendationsService] [           main] c.e.c.service.CsvImportService           : Saved price data for crypto symbol BTC at timestamp 1643313600000 with price 36209.19000000
2024-11-05T15:40:20.378+02:00  INFO 31004 --- [CryptoRecommendationsService] [           main] c.e.c.service.CsvImportService           : Saved price data for crypto symbol BTC at timestamp 1643320800000 with price 36187.01000000
2024-11-05T15:40:20.381+02:00  INFO 31004 --- [CryptoRecommendationsService] [           main] c.e.c.service.CsvImportService           : Saved price data for crypto symbol BTC at timestamp 1643324400000 with price 36704.68000000
2024-11-05T15:40:20.383+02:00  INFO 31004 --- [CryptoRecommendationsService] [           main] c.e.c.service.CsvImportService           : Saved price data for crypto symbol BTC at timestamp 1643353200000 with price 36907.14000000
2024-11-05T15:40:20.385+02:00  INFO 31004 --- [CryptoRecommendationsService] [           main] c.e.c.service.CsvImportService           : Saved price data for crypto symbol BTC at timestamp 1643356800000 with price 36799.82000000
2024-11-05T15:40:20.386+02:00  INFO 31004 --- [CryptoRecommendationsService] [           main] c.e.c.service.CsvImportService           : Saved price data for crypto symbol BTC at timestamp 1643364000000 with price 36486.10000000
2024-11-05T15:40:20.388+02:00  INFO 31004 --- [CryptoRecommendationsService] [           main] c.e.c.service.CsvImportService           : Saved price data for crypto symbol BTC at timestamp 1643382000000 with price 36759.65000000
2024-11-05T15:40:20.390+02:00  INFO 31004 --- [CryptoRecommendationsService] [           main] c.e.c.service.CsvImportService           : Saved price data for crypto symbol BTC at timestamp 1643461200000 with price 37847.57000000
2024-11-05T15:40:20.392+02:00  INFO 31004 --- [CryptoRecommendationsService] [           main] c.e.c.service.CsvImportService           : Saved price data for crypto symbol BTC at timestamp 1643464800000 with price 38161.69000000
2024-11-05T15:40:20.394+02:00  INFO 31004 --- [CryptoRecommendationsService] [           main] c.e.c.service.CsvImportService           : Saved price data for crypto symbol BTC at timestamp 1643486400000 with price 37853.00000000
2024-11-05T15:40:20.396+02:00  INFO 31004 --- [CryptoRecommendationsService] [           main] c.e.c.service.CsvImportService           : Saved price data for crypto symbol BTC at timestamp 1643511600000 with price 37951.79000000
2024-11-05T15:40:20.398+02:00  INFO 31004 --- [CryptoRecommendationsService] [           main] c.e.c.service.CsvImportService           : Saved price data for crypto symbol BTC at timestamp 1643515200000 with price 37917.13000000
2024-11-05T15:40:20.400+02:00  INFO 31004 --- [CryptoRecommendationsService] [           main] c.e.c.service.CsvImportService           : Saved price data for crypto symbol BTC at timestamp 1643562000000 with price 37832.45000000
2024-11-05T15:40:20.402+02:00  INFO 31004 --- [CryptoRecommendationsService] [           main] c.e.c.service.CsvImportService           : Saved price data for crypto symbol BTC at timestamp 1643594400000 with price 36823.19000000
2024-11-05T15:40:20.404+02:00  INFO 31004 --- [CryptoRecommendationsService] [           main] c.e.c.service.CsvImportService           : Saved price data for crypto symbol BTC at timestamp 1643626800000 with price 37300.31000000
2024-11-05T15:40:20.405+02:00  INFO 31004 --- [CryptoRecommendationsService] [           main] c.e.c.service.CsvImportService           : Saved price data for crypto symbol BTC at timestamp 1643659200000 with price 38415.79000000
Loaded CSV file: BTC_values.csv
2024-11-05T15:40:20.409+02:00  INFO 31004 --- [CryptoRecommendationsService] [           main] c.e.c.service.CsvImportService           : Saved price data for crypto symbol DOGE at timestamp 1641013200000 with price 0.17020000
2024-11-05T15:40:20.411+02:00  INFO 31004 --- [CryptoRecommendationsService] [           main] c.e.c.service.CsvImportService           : Saved price data for crypto symbol DOGE at timestamp 1641074400000 with price 0.17220000
2024-11-05T15:40:20.413+02:00  INFO 31004 --- [CryptoRecommendationsService] [           main] c.e.c.service.CsvImportService           : Saved price data for crypto symbol DOGE at timestamp 1641078000000 with price 0.17270000
2024-11-05T15:40:20.415+02:00  INFO 31004 --- [CryptoRecommendationsService] [           main] c.e.c.service.CsvImportService           : Saved price data for crypto symbol DOGE at timestamp 1641106800000 with price 0.17190000
2024-11-05T15:40:20.417+02:00  INFO 31004 --- [CryptoRecommendationsService] [           main] c.e.c.service.CsvImportService           : Saved price data for crypto symbol DOGE at timestamp 1641110400000 with price 0.17190000
2024-11-05T15:40:20.419+02:00  INFO 31004 --- [CryptoRecommendationsService] [           main] c.e.c.service.CsvImportService           : Saved price data for crypto symbol DOGE at timestamp 1641121200000 with price 0.17250000
2024-11-05T15:40:20.420+02:00  INFO 31004 --- [CryptoRecommendationsService] [           main] c.e.c.service.CsvImportService           : Saved price data for crypto symbol DOGE at timestamp 1641171600000 with price 0.17310000
2024-11-05T15:40:20.422+02:00  INFO 31004 --- [CryptoRecommendationsService] [           main] c.e.c.service.CsvImportService           : Saved price data for crypto symbol DOGE at timestamp 1641232800000 with price 0.17030000
2024-11-05T15:40:20.424+02:00  INFO 31004 --- [CryptoRecommendationsService] [           main] c.e.c.service.CsvImportService           : Saved price data for crypto symbol DOGE at timestamp 1641265200000 with price 0.16930000
2024-11-05T15:40:20.426+02:00  INFO 31004 --- [CryptoRecommendationsService] [           main] c.e.c.service.CsvImportService           : Saved price data for crypto symbol DOGE at timestamp 1641286800000 with price 0.17120000
2024-11-05T15:40:20.427+02:00  INFO 31004 --- [CryptoRecommendationsService] [           main] c.e.c.service.CsvImportService           : Saved price data for crypto symbol DOGE at timestamp 1641333600000 with price 0.16900000
2024-11-05T15:40:20.430+02:00  INFO 31004 --- [CryptoRecommendationsService] [           main] c.e.c.service.CsvImportService           : Saved price data for crypto symbol DOGE at timestamp 1641362400000 with price 0.16980000
2024-11-05T15:40:20.432+02:00  INFO 31004 --- [CryptoRecommendationsService] [           main] c.e.c.service.CsvImportService           : Saved price data for crypto symbol DOGE at timestamp 1641412800000 with price 0.15990000
2024-11-05T15:40:20.434+02:00  INFO 31004 --- [CryptoRecommendationsService] [           main] c.e.c.service.CsvImportService           : Saved price data for crypto symbol DOGE at timestamp 1641427200000 with price 0.15910000
2024-11-05T15:40:20.436+02:00  INFO 31004 --- [CryptoRecommendationsService] [           main] c.e.c.service.CsvImportService           : Saved price data for crypto symbol DOGE at timestamp 1641513600000 with price 0.16000000
2024-11-05T15:40:20.438+02:00  INFO 31004 --- [CryptoRecommendationsService] [           main] c.e.c.service.CsvImportService           : Saved price data for crypto symbol DOGE at timestamp 1641589200000 with price 0.15430000
2024-11-05T15:40:20.440+02:00  INFO 31004 --- [CryptoRecommendationsService] [           main] c.e.c.service.CsvImportService           : Saved price data for crypto symbol DOGE at timestamp 1641607200000 with price 0.15620000
2024-11-05T15:40:20.442+02:00  INFO 31004 --- [CryptoRecommendationsService] [           main] c.e.c.service.CsvImportService           : Saved price data for crypto symbol DOGE at timestamp 1641614400000 with price 0.15640000
2024-11-05T15:40:20.444+02:00  INFO 31004 --- [CryptoRecommendationsService] [           main] c.e.c.service.CsvImportService           : Saved price data for crypto symbol DOGE at timestamp 1641729600000 with price 0.15130000
2024-11-05T15:40:20.450+02:00  INFO 31004 --- [CryptoRecommendationsService] [           main] c.e.c.service.CsvImportService           : Saved price data for crypto symbol DOGE at timestamp 1641769200000 with price 0.15130000
2024-11-05T15:40:20.454+02:00  INFO 31004 --- [CryptoRecommendationsService] [           main] c.e.c.service.CsvImportService           : Saved price data for crypto symbol DOGE at timestamp 1641772800000 with price 0.15050000
2024-11-05T15:40:20.457+02:00  INFO 31004 --- [CryptoRecommendationsService] [           main] c.e.c.service.CsvImportService           : Saved price data for crypto symbol DOGE at timestamp 1641790800000 with price 0.15170000
2024-11-05T15:40:20.461+02:00  INFO 31004 --- [CryptoRecommendationsService] [           main] c.e.c.service.CsvImportService           : Saved price data for crypto symbol DOGE at timestamp 1641895200000 with price 0.14410000
2024-11-05T15:40:20.465+02:00  INFO 31004 --- [CryptoRecommendationsService] [           main] c.e.c.service.CsvImportService           : Saved price data for crypto symbol DOGE at timestamp 1641970800000 with price 0.15330000
2024-11-05T15:40:20.468+02:00  INFO 31004 --- [CryptoRecommendationsService] [           main] c.e.c.service.CsvImportService           : Saved price data for crypto symbol DOGE at timestamp 1641999600000 with price 0.15930000
2024-11-05T15:40:20.471+02:00  INFO 31004 --- [CryptoRecommendationsService] [           main] c.e.c.service.CsvImportService           : Saved price data for crypto symbol DOGE at timestamp 1642042800000 with price 0.16670000
2024-11-05T15:40:20.475+02:00  INFO 31004 --- [CryptoRecommendationsService] [           main] c.e.c.service.CsvImportService           : Saved price data for crypto symbol DOGE at timestamp 1642089600000 with price 0.16550000
2024-11-05T15:40:20.483+02:00  INFO 31004 --- [CryptoRecommendationsService] [           main] c.e.c.service.CsvImportService           : Saved price data for crypto symbol DOGE at timestamp 1642093200000 with price 0.16570000
2024-11-05T15:40:20.487+02:00  INFO 31004 --- [CryptoRecommendationsService] [           main] c.e.c.service.CsvImportService           : Saved price data for crypto symbol DOGE at timestamp 1642107600000 with price 0.16620000
2024-11-05T15:40:20.490+02:00  INFO 31004 --- [CryptoRecommendationsService] [           main] c.e.c.service.CsvImportService           : Saved price data for crypto symbol DOGE at timestamp 1642176000000 with price 0.19410000
2024-11-05T15:40:20.492+02:00  INFO 31004 --- [CryptoRecommendationsService] [           main] c.e.c.service.CsvImportService           : Saved price data for crypto symbol DOGE at timestamp 1642219200000 with price 0.19070000
2024-11-05T15:40:20.494+02:00  INFO 31004 --- [CryptoRecommendationsService] [           main] c.e.c.service.CsvImportService           : Saved price data for crypto symbol DOGE at timestamp 1642294800000 with price 0.18340000
2024-11-05T15:40:20.497+02:00  INFO 31004 --- [CryptoRecommendationsService] [           main] c.e.c.service.CsvImportService           : Saved price data for crypto symbol DOGE at timestamp 1642302000000 with price 0.17960000
2024-11-05T15:40:20.500+02:00  INFO 31004 --- [CryptoRecommendationsService] [           main] c.e.c.service.CsvImportService           : Saved price data for crypto symbol DOGE at timestamp 1642359600000 with price 0.17740000
2024-11-05T15:40:20.501+02:00  INFO 31004 --- [CryptoRecommendationsService] [           main] c.e.c.service.CsvImportService           : Saved price data for crypto symbol DOGE at timestamp 1642366800000 with price 0.17630000
2024-11-05T15:40:20.503+02:00  INFO 31004 --- [CryptoRecommendationsService] [           main] c.e.c.service.CsvImportService           : Saved price data for crypto symbol DOGE at timestamp 1642471200000 with price 0.17100000
2024-11-05T15:40:20.505+02:00  INFO 31004 --- [CryptoRecommendationsService] [           main] c.e.c.service.CsvImportService           : Saved price data for crypto symbol DOGE at timestamp 1642496400000 with price 0.16750000
2024-11-05T15:40:20.507+02:00  INFO 31004 --- [CryptoRecommendationsService] [           main] c.e.c.service.CsvImportService           : Saved price data for crypto symbol DOGE at timestamp 1642507200000 with price 0.16500000
2024-11-05T15:40:20.509+02:00  INFO 31004 --- [CryptoRecommendationsService] [           main] c.e.c.service.CsvImportService           : Saved price data for crypto symbol DOGE at timestamp 1642575600000 with price 0.16660000
2024-11-05T15:40:20.510+02:00  INFO 31004 --- [CryptoRecommendationsService] [           main] c.e.c.service.CsvImportService           : Saved price data for crypto symbol DOGE at timestamp 1642611600000 with price 0.16360000
2024-11-05T15:40:20.512+02:00  INFO 31004 --- [CryptoRecommendationsService] [           main] c.e.c.service.CsvImportService           : Saved price data for crypto symbol DOGE at timestamp 1642629600000 with price 0.16180000
2024-11-05T15:40:20.513+02:00  INFO 31004 --- [CryptoRecommendationsService] [           main] c.e.c.service.CsvImportService           : Saved price data for crypto symbol DOGE at timestamp 1642680000000 with price 0.16470000
2024-11-05T15:40:20.515+02:00  INFO 31004 --- [CryptoRecommendationsService] [           main] c.e.c.service.CsvImportService           : Saved price data for crypto symbol DOGE at timestamp 1642705200000 with price 0.16460000
2024-11-05T15:40:20.517+02:00  INFO 31004 --- [CryptoRecommendationsService] [           main] c.e.c.service.CsvImportService           : Saved price data for crypto symbol DOGE at timestamp 1642723200000 with price 0.15530000
2024-11-05T15:40:20.518+02:00  INFO 31004 --- [CryptoRecommendationsService] [           main] c.e.c.service.CsvImportService           : Saved price data for crypto symbol DOGE at timestamp 1642734000000 with price 0.15280000
2024-11-05T15:40:20.520+02:00  INFO 31004 --- [CryptoRecommendationsService] [           main] c.e.c.service.CsvImportService           : Saved price data for crypto symbol DOGE at timestamp 1642752000000 with price 0.15320000
2024-11-05T15:40:20.522+02:00  INFO 31004 --- [CryptoRecommendationsService] [           main] c.e.c.service.CsvImportService           : Saved price data for crypto symbol DOGE at timestamp 1642759200000 with price 0.15330000
2024-11-05T15:40:20.523+02:00  INFO 31004 --- [CryptoRecommendationsService] [           main] c.e.c.service.CsvImportService           : Saved price data for crypto symbol DOGE at timestamp 1642770000000 with price 0.15010000
2024-11-05T15:40:20.525+02:00  INFO 31004 --- [CryptoRecommendationsService] [           main] c.e.c.service.CsvImportService           : Saved price data for crypto symbol DOGE at timestamp 1642791600000 with price 0.15170000
2024-11-05T15:40:20.527+02:00  INFO 31004 --- [CryptoRecommendationsService] [           main] c.e.c.service.CsvImportService           : Saved price data for crypto symbol DOGE at timestamp 1642827600000 with price 0.14330000
2024-11-05T15:40:20.529+02:00  INFO 31004 --- [CryptoRecommendationsService] [           main] c.e.c.service.CsvImportService           : Saved price data for crypto symbol DOGE at timestamp 1642849200000 with price 0.12900000
2024-11-05T15:40:20.530+02:00  INFO 31004 --- [CryptoRecommendationsService] [           main] c.e.c.service.CsvImportService           : Saved price data for crypto symbol DOGE at timestamp 1642863600000 with price 0.12940000
2024-11-05T15:40:20.532+02:00  INFO 31004 --- [CryptoRecommendationsService] [           main] c.e.c.service.CsvImportService           : Saved price data for crypto symbol DOGE at timestamp 1642892400000 with price 0.13080000
2024-11-05T15:40:20.534+02:00  INFO 31004 --- [CryptoRecommendationsService] [           main] c.e.c.service.CsvImportService           : Saved price data for crypto symbol DOGE at timestamp 1642896000000 with price 0.13330000
2024-11-05T15:40:20.536+02:00  INFO 31004 --- [CryptoRecommendationsService] [           main] c.e.c.service.CsvImportService           : Saved price data for crypto symbol DOGE at timestamp 1642921200000 with price 0.13830000
2024-11-05T15:40:20.537+02:00  INFO 31004 --- [CryptoRecommendationsService] [           main] c.e.c.service.CsvImportService           : Saved price data for crypto symbol DOGE at timestamp 1642924800000 with price 0.13970000
2024-11-05T15:40:20.540+02:00  INFO 31004 --- [CryptoRecommendationsService] [           main] c.e.c.service.CsvImportService           : Saved price data for crypto symbol DOGE at timestamp 1642932000000 with price 0.14170000
2024-11-05T15:40:20.542+02:00  INFO 31004 --- [CryptoRecommendationsService] [           main] c.e.c.service.CsvImportService           : Saved price data for crypto symbol DOGE at timestamp 1642935600000 with price 0.14130000
2024-11-05T15:40:20.543+02:00  INFO 31004 --- [CryptoRecommendationsService] [           main] c.e.c.service.CsvImportService           : Saved price data for crypto symbol DOGE at timestamp 1642942800000 with price 0.13870000
2024-11-05T15:40:20.545+02:00  INFO 31004 --- [CryptoRecommendationsService] [           main] c.e.c.service.CsvImportService           : Saved price data for crypto symbol DOGE at timestamp 1642950000000 with price 0.13700000
2024-11-05T15:40:20.547+02:00  INFO 31004 --- [CryptoRecommendationsService] [           main] c.e.c.service.CsvImportService           : Saved price data for crypto symbol DOGE at timestamp 1642960800000 with price 0.13930000
2024-11-05T15:40:20.548+02:00  INFO 31004 --- [CryptoRecommendationsService] [           main] c.e.c.service.CsvImportService           : Saved price data for crypto symbol DOGE at timestamp 1642968000000 with price 0.13570000
2024-11-05T15:40:20.549+02:00  INFO 31004 --- [CryptoRecommendationsService] [           main] c.e.c.service.CsvImportService           : Saved price data for crypto symbol DOGE at timestamp 1642978800000 with price 0.13850000
2024-11-05T15:40:20.551+02:00  INFO 31004 --- [CryptoRecommendationsService] [           main] c.e.c.service.CsvImportService           : Saved price data for crypto symbol DOGE at timestamp 1642993200000 with price 0.13820000
2024-11-05T15:40:20.552+02:00  INFO 31004 --- [CryptoRecommendationsService] [           main] c.e.c.service.CsvImportService           : Saved price data for crypto symbol DOGE at timestamp 1643025600000 with price 0.12930000
2024-11-05T15:40:20.553+02:00  INFO 31004 --- [CryptoRecommendationsService] [           main] c.e.c.service.CsvImportService           : Saved price data for crypto symbol DOGE at timestamp 1643097600000 with price 0.13420000
2024-11-05T15:40:20.555+02:00  INFO 31004 --- [CryptoRecommendationsService] [           main] c.e.c.service.CsvImportService           : Saved price data for crypto symbol DOGE at timestamp 1643104800000 with price 0.13620000
2024-11-05T15:40:20.557+02:00  INFO 31004 --- [CryptoRecommendationsService] [           main] c.e.c.service.CsvImportService           : Saved price data for crypto symbol DOGE at timestamp 1643108400000 with price 0.13600000
2024-11-05T15:40:20.558+02:00  INFO 31004 --- [CryptoRecommendationsService] [           main] c.e.c.service.CsvImportService           : Saved price data for crypto symbol DOGE at timestamp 1643122800000 with price 0.13880000
2024-11-05T15:40:20.560+02:00  INFO 31004 --- [CryptoRecommendationsService] [           main] c.e.c.service.CsvImportService           : Saved price data for crypto symbol DOGE at timestamp 1643148000000 with price 0.14160000
2024-11-05T15:40:20.561+02:00  INFO 31004 --- [CryptoRecommendationsService] [           main] c.e.c.service.CsvImportService           : Saved price data for crypto symbol DOGE at timestamp 1643158800000 with price 0.14180000
2024-11-05T15:40:20.563+02:00  INFO 31004 --- [CryptoRecommendationsService] [           main] c.e.c.service.CsvImportService           : Saved price data for crypto symbol DOGE at timestamp 1643209200000 with price 0.15020000
2024-11-05T15:40:20.564+02:00  INFO 31004 --- [CryptoRecommendationsService] [           main] c.e.c.service.CsvImportService           : Saved price data for crypto symbol DOGE at timestamp 1643216400000 with price 0.15050000
2024-11-05T15:40:20.566+02:00  INFO 31004 --- [CryptoRecommendationsService] [           main] c.e.c.service.CsvImportService           : Saved price data for crypto symbol DOGE at timestamp 1643284800000 with price 0.14270000
2024-11-05T15:40:20.568+02:00  INFO 31004 --- [CryptoRecommendationsService] [           main] c.e.c.service.CsvImportService           : Saved price data for crypto symbol DOGE at timestamp 1643342400000 with price 0.14110000
2024-11-05T15:40:20.569+02:00  INFO 31004 --- [CryptoRecommendationsService] [           main] c.e.c.service.CsvImportService           : Saved price data for crypto symbol DOGE at timestamp 1643346000000 with price 0.14090000
2024-11-05T15:40:20.571+02:00  INFO 31004 --- [CryptoRecommendationsService] [           main] c.e.c.service.CsvImportService           : Saved price data for crypto symbol DOGE at timestamp 1643374800000 with price 0.13860000
2024-11-05T15:40:20.573+02:00  INFO 31004 --- [CryptoRecommendationsService] [           main] c.e.c.service.CsvImportService           : Saved price data for crypto symbol DOGE at timestamp 1643400000000 with price 0.14020000
2024-11-05T15:40:20.574+02:00  INFO 31004 --- [CryptoRecommendationsService] [           main] c.e.c.service.CsvImportService           : Saved price data for crypto symbol DOGE at timestamp 1643418000000 with price 0.14230000
2024-11-05T15:40:20.576+02:00  INFO 31004 --- [CryptoRecommendationsService] [           main] c.e.c.service.CsvImportService           : Saved price data for crypto symbol DOGE at timestamp 1643421600000 with price 0.14190000
2024-11-05T15:40:20.577+02:00  INFO 31004 --- [CryptoRecommendationsService] [           main] c.e.c.service.CsvImportService           : Saved price data for crypto symbol DOGE at timestamp 1643425200000 with price 0.14170000
2024-11-05T15:40:20.579+02:00  INFO 31004 --- [CryptoRecommendationsService] [           main] c.e.c.service.CsvImportService           : Saved price data for crypto symbol DOGE at timestamp 1643446800000 with price 0.14250000
2024-11-05T15:40:20.580+02:00  INFO 31004 --- [CryptoRecommendationsService] [           main] c.e.c.service.CsvImportService           : Saved price data for crypto symbol DOGE at timestamp 1643482800000 with price 0.14260000
2024-11-05T15:40:20.584+02:00  INFO 31004 --- [CryptoRecommendationsService] [           main] c.e.c.service.CsvImportService           : Saved price data for crypto symbol DOGE at timestamp 1643493600000 with price 0.14310000
2024-11-05T15:40:20.587+02:00  INFO 31004 --- [CryptoRecommendationsService] [           main] c.e.c.service.CsvImportService           : Saved price data for crypto symbol DOGE at timestamp 1643508000000 with price 0.14220000
2024-11-05T15:40:20.588+02:00  INFO 31004 --- [CryptoRecommendationsService] [           main] c.e.c.service.CsvImportService           : Saved price data for crypto symbol DOGE at timestamp 1643536800000 with price 0.14240000
2024-11-05T15:40:20.590+02:00  INFO 31004 --- [CryptoRecommendationsService] [           main] c.e.c.service.CsvImportService           : Saved price data for crypto symbol DOGE at timestamp 1643547600000 with price 0.14200000
2024-11-05T15:40:20.592+02:00  INFO 31004 --- [CryptoRecommendationsService] [           main] c.e.c.service.CsvImportService           : Saved price data for crypto symbol DOGE at timestamp 1643601600000 with price 0.13790000
2024-11-05T15:40:20.594+02:00  INFO 31004 --- [CryptoRecommendationsService] [           main] c.e.c.service.CsvImportService           : Saved price data for crypto symbol DOGE at timestamp 1643641200000 with price 0.13940000
2024-11-05T15:40:20.595+02:00  INFO 31004 --- [CryptoRecommendationsService] [           main] c.e.c.service.CsvImportService           : Saved price data for crypto symbol DOGE at timestamp 1643655600000 with price 0.14150000
Loaded CSV file: DOGE_values.csv
2024-11-05T15:40:20.600+02:00  INFO 31004 --- [CryptoRecommendationsService] [           main] c.e.c.service.CsvImportService           : Saved price data for crypto symbol ETH at timestamp 1641024000000 with price 3715.32000000
2024-11-05T15:40:20.609+02:00  INFO 31004 --- [CryptoRecommendationsService] [           main] c.e.c.service.CsvImportService           : Saved price data for crypto symbol ETH at timestamp 1641031200000 with price 3718.67000000
2024-11-05T15:40:20.612+02:00  INFO 31004 --- [CryptoRecommendationsService] [           main] c.e.c.service.CsvImportService           : Saved price data for crypto symbol ETH at timestamp 1641049200000 with price 3697.04000000
2024-11-05T15:40:20.614+02:00  INFO 31004 --- [CryptoRecommendationsService] [           main] c.e.c.service.CsvImportService           : Saved price data for crypto symbol ETH at timestamp 1641056400000 with price 3727.61000000
2024-11-05T15:40:20.616+02:00  INFO 31004 --- [CryptoRecommendationsService] [           main] c.e.c.service.CsvImportService           : Saved price data for crypto symbol ETH at timestamp 1641088800000 with price 3747.00000000
2024-11-05T15:40:20.618+02:00  INFO 31004 --- [CryptoRecommendationsService] [           main] c.e.c.service.CsvImportService           : Saved price data for crypto symbol ETH at timestamp 1641121200000 with price 3743.17000000
2024-11-05T15:40:20.619+02:00  INFO 31004 --- [CryptoRecommendationsService] [           main] c.e.c.service.CsvImportService           : Saved price data for crypto symbol ETH at timestamp 1641135600000 with price 3752.60000000
2024-11-05T15:40:20.621+02:00  INFO 31004 --- [CryptoRecommendationsService] [           main] c.e.c.service.CsvImportService           : Saved price data for crypto symbol ETH at timestamp 1641139200000 with price 3778.17000000
2024-11-05T15:40:20.623+02:00  INFO 31004 --- [CryptoRecommendationsService] [           main] c.e.c.service.CsvImportService           : Saved price data for crypto symbol ETH at timestamp 1641146400000 with price 3823.82000000
2024-11-05T15:40:20.624+02:00  INFO 31004 --- [CryptoRecommendationsService] [           main] c.e.c.service.CsvImportService           : Saved price data for crypto symbol ETH at timestamp 1641150000000 with price 3795.06000000
2024-11-05T15:40:20.626+02:00  INFO 31004 --- [CryptoRecommendationsService] [           main] c.e.c.service.CsvImportService           : Saved price data for crypto symbol ETH at timestamp 1641168000000 with price 3828.11000000
2024-11-05T15:40:20.627+02:00  INFO 31004 --- [CryptoRecommendationsService] [           main] c.e.c.service.CsvImportService           : Saved price data for crypto symbol ETH at timestamp 1641204000000 with price 3808.86000000
2024-11-05T15:40:20.629+02:00  INFO 31004 --- [CryptoRecommendationsService] [           main] c.e.c.service.CsvImportService           : Saved price data for crypto symbol ETH at timestamp 1641214800000 with price 3819.10000000
2024-11-05T15:40:20.631+02:00  INFO 31004 --- [CryptoRecommendationsService] [           main] c.e.c.service.CsvImportService           : Saved price data for crypto symbol ETH at timestamp 1641225600000 with price 3784.04000000
2024-11-05T15:40:20.633+02:00  INFO 31004 --- [CryptoRecommendationsService] [           main] c.e.c.service.CsvImportService           : Saved price data for crypto symbol ETH at timestamp 1641243600000 with price 3699.02000000
2024-11-05T15:40:20.635+02:00  INFO 31004 --- [CryptoRecommendationsService] [           main] c.e.c.service.CsvImportService           : Saved price data for crypto symbol ETH at timestamp 1641250800000 with price 3751.99000000
2024-11-05T15:40:20.637+02:00  INFO 31004 --- [CryptoRecommendationsService] [           main] c.e.c.service.CsvImportService           : Saved price data for crypto symbol ETH at timestamp 1641279600000 with price 3753.34000000
2024-11-05T15:40:20.639+02:00  INFO 31004 --- [CryptoRecommendationsService] [           main] c.e.c.service.CsvImportService           : Saved price data for crypto symbol ETH at timestamp 1641330000000 with price 3816.37000000
2024-11-05T15:40:20.640+02:00  INFO 31004 --- [CryptoRecommendationsService] [           main] c.e.c.service.CsvImportService           : Saved price data for crypto symbol ETH at timestamp 1641366000000 with price 3819.17000000
2024-11-05T15:40:20.642+02:00  INFO 31004 --- [CryptoRecommendationsService] [           main] c.e.c.service.CsvImportService           : Saved price data for crypto symbol ETH at timestamp 1641391200000 with price 3814.54000000
2024-11-05T15:40:20.644+02:00  INFO 31004 --- [CryptoRecommendationsService] [           main] c.e.c.service.CsvImportService           : Saved price data for crypto symbol ETH at timestamp 1641394800000 with price 3821.02000000
2024-11-05T15:40:20.645+02:00  INFO 31004 --- [CryptoRecommendationsService] [           main] c.e.c.service.CsvImportService           : Saved price data for crypto symbol ETH at timestamp 1641402000000 with price 3792.87000000
2024-11-05T15:40:20.647+02:00  INFO 31004 --- [CryptoRecommendationsService] [           main] c.e.c.service.CsvImportService           : Saved price data for crypto symbol ETH at timestamp 1641430800000 with price 3538.85000000
2024-11-05T15:40:20.649+02:00  INFO 31004 --- [CryptoRecommendationsService] [           main] c.e.c.service.CsvImportService           : Saved price data for crypto symbol ETH at timestamp 1641466800000 with price 3355.94000000
2024-11-05T15:40:20.650+02:00  INFO 31004 --- [CryptoRecommendationsService] [           main] c.e.c.service.CsvImportService           : Saved price data for crypto symbol ETH at timestamp 1641474000000 with price 3361.15000000
2024-11-05T15:40:20.652+02:00  INFO 31004 --- [CryptoRecommendationsService] [           main] c.e.c.service.CsvImportService           : Saved price data for crypto symbol ETH at timestamp 1641528000000 with price 3238.74000000
2024-11-05T15:40:20.653+02:00  INFO 31004 --- [CryptoRecommendationsService] [           main] c.e.c.service.CsvImportService           : Saved price data for crypto symbol ETH at timestamp 1641639600000 with price 3221.33000000
2024-11-05T15:40:20.655+02:00  INFO 31004 --- [CryptoRecommendationsService] [           main] c.e.c.service.CsvImportService           : Saved price data for crypto symbol ETH at timestamp 1641668400000 with price 3009.22000000
2024-11-05T15:40:20.656+02:00  INFO 31004 --- [CryptoRecommendationsService] [           main] c.e.c.service.CsvImportService           : Saved price data for crypto symbol ETH at timestamp 1641704400000 with price 3140.82000000
2024-11-05T15:40:20.658+02:00  INFO 31004 --- [CryptoRecommendationsService] [           main] c.e.c.service.CsvImportService           : Saved price data for crypto symbol ETH at timestamp 1641711600000 with price 3138.15000000
2024-11-05T15:40:20.660+02:00  INFO 31004 --- [CryptoRecommendationsService] [           main] c.e.c.service.CsvImportService           : Saved price data for crypto symbol ETH at timestamp 1641715200000 with price 3127.51000000
2024-11-05T15:40:20.661+02:00  INFO 31004 --- [CryptoRecommendationsService] [           main] c.e.c.service.CsvImportService           : Saved price data for crypto symbol ETH at timestamp 1641758400000 with price 3204.11000000
2024-11-05T15:40:20.663+02:00  INFO 31004 --- [CryptoRecommendationsService] [           main] c.e.c.service.CsvImportService           : Saved price data for crypto symbol ETH at timestamp 1641776400000 with price 3137.39000000
2024-11-05T15:40:20.664+02:00  INFO 31004 --- [CryptoRecommendationsService] [           main] c.e.c.service.CsvImportService           : Saved price data for crypto symbol ETH at timestamp 1641812400000 with price 3138.97000000
2024-11-05T15:40:20.666+02:00  INFO 31004 --- [CryptoRecommendationsService] [           main] c.e.c.service.CsvImportService           : Saved price data for crypto symbol ETH at timestamp 1641884400000 with price 3108.08000000
2024-11-05T15:40:20.668+02:00  INFO 31004 --- [CryptoRecommendationsService] [           main] c.e.c.service.CsvImportService           : Saved price data for crypto symbol ETH at timestamp 1641902400000 with price 3110.92000000
2024-11-05T15:40:20.669+02:00  INFO 31004 --- [CryptoRecommendationsService] [           main] c.e.c.service.CsvImportService           : Saved price data for crypto symbol ETH at timestamp 1641906000000 with price 3121.93000000
2024-11-05T15:40:20.670+02:00  INFO 31004 --- [CryptoRecommendationsService] [           main] c.e.c.service.CsvImportService           : Saved price data for crypto symbol ETH at timestamp 1641909600000 with price 3113.51000000
2024-11-05T15:40:20.672+02:00  INFO 31004 --- [CryptoRecommendationsService] [           main] c.e.c.service.CsvImportService           : Saved price data for crypto symbol ETH at timestamp 1642024800000 with price 3366.63000000
2024-11-05T15:40:20.674+02:00  INFO 31004 --- [CryptoRecommendationsService] [           main] c.e.c.service.CsvImportService           : Saved price data for crypto symbol ETH at timestamp 1642032000000 with price 3371.60000000
2024-11-05T15:40:20.676+02:00  INFO 31004 --- [CryptoRecommendationsService] [           main] c.e.c.service.CsvImportService           : Saved price data for crypto symbol ETH at timestamp 1642042800000 with price 3335.07000000
2024-11-05T15:40:20.678+02:00  INFO 31004 --- [CryptoRecommendationsService] [           main] c.e.c.service.CsvImportService           : Saved price data for crypto symbol ETH at timestamp 1642075200000 with price 3334.00000000
2024-11-05T15:40:20.680+02:00  INFO 31004 --- [CryptoRecommendationsService] [           main] c.e.c.service.CsvImportService           : Saved price data for crypto symbol ETH at timestamp 1642132800000 with price 3266.43000000
2024-11-05T15:40:20.682+02:00  INFO 31004 --- [CryptoRecommendationsService] [           main] c.e.c.service.CsvImportService           : Saved price data for crypto symbol ETH at timestamp 1642165200000 with price 3211.39000000
2024-11-05T15:40:20.685+02:00  INFO 31004 --- [CryptoRecommendationsService] [           main] c.e.c.service.CsvImportService           : Saved price data for crypto symbol ETH at timestamp 1642168800000 with price 3210.15000000
2024-11-05T15:40:20.687+02:00  INFO 31004 --- [CryptoRecommendationsService] [           main] c.e.c.service.CsvImportService           : Saved price data for crypto symbol ETH at timestamp 1642179600000 with price 3295.33000000
2024-11-05T15:40:20.689+02:00  INFO 31004 --- [CryptoRecommendationsService] [           main] c.e.c.service.CsvImportService           : Saved price data for crypto symbol ETH at timestamp 1642190400000 with price 3308.01000000
2024-11-05T15:40:20.691+02:00  INFO 31004 --- [CryptoRecommendationsService] [           main] c.e.c.service.CsvImportService           : Saved price data for crypto symbol ETH at timestamp 1642194000000 with price 3303.18000000
2024-11-05T15:40:20.693+02:00  INFO 31004 --- [CryptoRecommendationsService] [           main] c.e.c.service.CsvImportService           : Saved price data for crypto symbol ETH at timestamp 1642201200000 with price 3313.49000000
2024-11-05T15:40:20.695+02:00  INFO 31004 --- [CryptoRecommendationsService] [           main] c.e.c.service.CsvImportService           : Saved price data for crypto symbol ETH at timestamp 1642204800000 with price 3307.42000000
2024-11-05T15:40:20.698+02:00  INFO 31004 --- [CryptoRecommendationsService] [           main] c.e.c.service.CsvImportService           : Saved price data for crypto symbol ETH at timestamp 1642287600000 with price 3337.59000000
2024-11-05T15:40:20.701+02:00  INFO 31004 --- [CryptoRecommendationsService] [           main] c.e.c.service.CsvImportService           : Saved price data for crypto symbol ETH at timestamp 1642327200000 with price 3318.98000000
2024-11-05T15:40:20.703+02:00  INFO 31004 --- [CryptoRecommendationsService] [           main] c.e.c.service.CsvImportService           : Saved price data for crypto symbol ETH at timestamp 1642420800000 with price 3255.94000000
2024-11-05T15:40:20.705+02:00  INFO 31004 --- [CryptoRecommendationsService] [           main] c.e.c.service.CsvImportService           : Saved price data for crypto symbol ETH at timestamp 1642428000000 with price 3267.92000000
2024-11-05T15:40:20.707+02:00  INFO 31004 --- [CryptoRecommendationsService] [           main] c.e.c.service.CsvImportService           : Saved price data for crypto symbol ETH at timestamp 1642431600000 with price 3256.05000000
2024-11-05T15:40:20.709+02:00  INFO 31004 --- [CryptoRecommendationsService] [           main] c.e.c.service.CsvImportService           : Saved price data for crypto symbol ETH at timestamp 1642442400000 with price 3207.23000000
2024-11-05T15:40:20.711+02:00  INFO 31004 --- [CryptoRecommendationsService] [           main] c.e.c.service.CsvImportService           : Saved price data for crypto symbol ETH at timestamp 1642471200000 with price 3223.35000000
2024-11-05T15:40:20.714+02:00  INFO 31004 --- [CryptoRecommendationsService] [           main] c.e.c.service.CsvImportService           : Saved price data for crypto symbol ETH at timestamp 1642582800000 with price 3064.27000000
2024-11-05T15:40:20.717+02:00  INFO 31004 --- [CryptoRecommendationsService] [           main] c.e.c.service.CsvImportService           : Saved price data for crypto symbol ETH at timestamp 1642586400000 with price 3086.01000000
2024-11-05T15:40:20.719+02:00  INFO 31004 --- [CryptoRecommendationsService] [           main] c.e.c.service.CsvImportService           : Saved price data for crypto symbol ETH at timestamp 1642590000000 with price 3078.34000000
2024-11-05T15:40:20.721+02:00  INFO 31004 --- [CryptoRecommendationsService] [           main] c.e.c.service.CsvImportService           : Saved price data for crypto symbol ETH at timestamp 1642629600000 with price 3113.54000000
2024-11-05T15:40:20.725+02:00  INFO 31004 --- [CryptoRecommendationsService] [           main] c.e.c.service.CsvImportService           : Saved price data for crypto symbol ETH at timestamp 1642633200000 with price 3127.05000000
2024-11-05T15:40:20.728+02:00  INFO 31004 --- [CryptoRecommendationsService] [           main] c.e.c.service.CsvImportService           : Saved price data for crypto symbol ETH at timestamp 1642662000000 with price 3144.78000000
2024-11-05T15:40:20.731+02:00  INFO 31004 --- [CryptoRecommendationsService] [           main] c.e.c.service.CsvImportService           : Saved price data for crypto symbol ETH at timestamp 1642687200000 with price 3181.81000000
2024-11-05T15:40:20.734+02:00  INFO 31004 --- [CryptoRecommendationsService] [           main] c.e.c.service.CsvImportService           : Saved price data for crypto symbol ETH at timestamp 1642690800000 with price 3220.04000000
2024-11-05T15:40:20.741+02:00  INFO 31004 --- [CryptoRecommendationsService] [           main] c.e.c.service.CsvImportService           : Saved price data for crypto symbol ETH at timestamp 1642737600000 with price 2837.21000000
2024-11-05T15:40:20.745+02:00  INFO 31004 --- [CryptoRecommendationsService] [           main] c.e.c.service.CsvImportService           : Saved price data for crypto symbol ETH at timestamp 1642755600000 with price 2892.13000000
2024-11-05T15:40:20.747+02:00  INFO 31004 --- [CryptoRecommendationsService] [           main] c.e.c.service.CsvImportService           : Saved price data for crypto symbol ETH at timestamp 1642780800000 with price 2830.46000000
2024-11-05T15:40:20.749+02:00  INFO 31004 --- [CryptoRecommendationsService] [           main] c.e.c.service.CsvImportService           : Saved price data for crypto symbol ETH at timestamp 1642849200000 with price 2450.13000000
2024-11-05T15:40:20.750+02:00  INFO 31004 --- [CryptoRecommendationsService] [           main] c.e.c.service.CsvImportService           : Saved price data for crypto symbol ETH at timestamp 1642852800000 with price 2431.07000000
2024-11-05T15:40:20.752+02:00  INFO 31004 --- [CryptoRecommendationsService] [           main] c.e.c.service.CsvImportService           : Saved price data for crypto symbol ETH at timestamp 1642863600000 with price 2418.65000000
2024-11-05T15:40:20.753+02:00  INFO 31004 --- [CryptoRecommendationsService] [           main] c.e.c.service.CsvImportService           : Saved price data for crypto symbol ETH at timestamp 1642867200000 with price 2387.00000000
2024-11-05T15:40:20.754+02:00  INFO 31004 --- [CryptoRecommendationsService] [           main] c.e.c.service.CsvImportService           : Saved price data for crypto symbol ETH at timestamp 1642924800000 with price 2487.84000000
2024-11-05T15:40:20.755+02:00  INFO 31004 --- [CryptoRecommendationsService] [           main] c.e.c.service.CsvImportService           : Saved price data for crypto symbol ETH at timestamp 1642960800000 with price 2437.17000000
2024-11-05T15:40:20.756+02:00  INFO 31004 --- [CryptoRecommendationsService] [           main] c.e.c.service.CsvImportService           : Saved price data for crypto symbol ETH at timestamp 1643018400000 with price 2336.52000000
2024-11-05T15:40:20.757+02:00  INFO 31004 --- [CryptoRecommendationsService] [           main] c.e.c.service.CsvImportService           : Saved price data for crypto symbol ETH at timestamp 1643140800000 with price 2466.28000000
2024-11-05T15:40:20.759+02:00  INFO 31004 --- [CryptoRecommendationsService] [           main] c.e.c.service.CsvImportService           : Saved price data for crypto symbol ETH at timestamp 1643176800000 with price 2475.97000000
2024-11-05T15:40:20.760+02:00  INFO 31004 --- [CryptoRecommendationsService] [           main] c.e.c.service.CsvImportService           : Saved price data for crypto symbol ETH at timestamp 1643194800000 with price 2526.09000000
2024-11-05T15:40:20.761+02:00  INFO 31004 --- [CryptoRecommendationsService] [           main] c.e.c.service.CsvImportService           : Saved price data for crypto symbol ETH at timestamp 1643234400000 with price 2417.95000000
2024-11-05T15:40:20.762+02:00  INFO 31004 --- [CryptoRecommendationsService] [           main] c.e.c.service.CsvImportService           : Saved price data for crypto symbol ETH at timestamp 1643245200000 with price 2484.44000000
2024-11-05T15:40:20.763+02:00  INFO 31004 --- [CryptoRecommendationsService] [           main] c.e.c.service.CsvImportService           : Saved price data for crypto symbol ETH at timestamp 1643270400000 with price 2403.78000000
2024-11-05T15:40:20.764+02:00  INFO 31004 --- [CryptoRecommendationsService] [           main] c.e.c.service.CsvImportService           : Saved price data for crypto symbol ETH at timestamp 1643281200000 with price 2424.37000000
2024-11-05T15:40:20.765+02:00  INFO 31004 --- [CryptoRecommendationsService] [           main] c.e.c.service.CsvImportService           : Saved price data for crypto symbol ETH at timestamp 1643320800000 with price 2360.45000000
2024-11-05T15:40:20.766+02:00  INFO 31004 --- [CryptoRecommendationsService] [           main] c.e.c.service.CsvImportService           : Saved price data for crypto symbol ETH at timestamp 1643364000000 with price 2389.00000000
2024-11-05T15:40:20.768+02:00  INFO 31004 --- [CryptoRecommendationsService] [           main] c.e.c.service.CsvImportService           : Saved price data for crypto symbol ETH at timestamp 1643389200000 with price 2474.01000000
2024-11-05T15:40:20.769+02:00  INFO 31004 --- [CryptoRecommendationsService] [           main] c.e.c.service.CsvImportService           : Saved price data for crypto symbol ETH at timestamp 1643403600000 with price 2509.44000000
2024-11-05T15:40:20.770+02:00  INFO 31004 --- [CryptoRecommendationsService] [           main] c.e.c.service.CsvImportService           : Saved price data for crypto symbol ETH at timestamp 1643407200000 with price 2533.99000000
2024-11-05T15:40:20.772+02:00  INFO 31004 --- [CryptoRecommendationsService] [           main] c.e.c.service.CsvImportService           : Saved price data for crypto symbol ETH at timestamp 1643439600000 with price 2542.68000000
2024-11-05T15:40:20.773+02:00  INFO 31004 --- [CryptoRecommendationsService] [           main] c.e.c.service.CsvImportService           : Saved price data for crypto symbol ETH at timestamp 1643482800000 with price 2592.07000000
2024-11-05T15:40:20.774+02:00  INFO 31004 --- [CryptoRecommendationsService] [           main] c.e.c.service.CsvImportService           : Saved price data for crypto symbol ETH at timestamp 1643493600000 with price 2614.67000000
2024-11-05T15:40:20.776+02:00  INFO 31004 --- [CryptoRecommendationsService] [           main] c.e.c.service.CsvImportService           : Saved price data for crypto symbol ETH at timestamp 1643500800000 with price 2601.43000000
2024-11-05T15:40:20.777+02:00  INFO 31004 --- [CryptoRecommendationsService] [           main] c.e.c.service.CsvImportService           : Saved price data for crypto symbol ETH at timestamp 1643547600000 with price 2615.75000000
2024-11-05T15:40:20.778+02:00  INFO 31004 --- [CryptoRecommendationsService] [           main] c.e.c.service.CsvImportService           : Saved price data for crypto symbol ETH at timestamp 1643616000000 with price 2529.07000000
2024-11-05T15:40:20.780+02:00  INFO 31004 --- [CryptoRecommendationsService] [           main] c.e.c.service.CsvImportService           : Saved price data for crypto symbol ETH at timestamp 1643634000000 with price 2540.20000000
2024-11-05T15:40:20.781+02:00  INFO 31004 --- [CryptoRecommendationsService] [           main] c.e.c.service.CsvImportService           : Saved price data for crypto symbol ETH at timestamp 1643659200000 with price 2672.50000000
Loaded CSV file: ETH_values.csv
2024-11-05T15:40:20.784+02:00  INFO 31004 --- [CryptoRecommendationsService] [           main] c.e.c.service.CsvImportService           : Saved price data for crypto symbol LTC at timestamp 1641016800000 with price 148.10000000
2024-11-05T15:40:20.786+02:00  INFO 31004 --- [CryptoRecommendationsService] [           main] c.e.c.service.CsvImportService           : Saved price data for crypto symbol LTC at timestamp 1641063600000 with price 150.20000000
2024-11-05T15:40:20.787+02:00  INFO 31004 --- [CryptoRecommendationsService] [           main] c.e.c.service.CsvImportService           : Saved price data for crypto symbol LTC at timestamp 1641078000000 with price 150.00000000
2024-11-05T15:40:20.788+02:00  INFO 31004 --- [CryptoRecommendationsService] [           main] c.e.c.service.CsvImportService           : Saved price data for crypto symbol LTC at timestamp 1641150000000 with price 151.30000000
2024-11-05T15:40:20.789+02:00  INFO 31004 --- [CryptoRecommendationsService] [           main] c.e.c.service.CsvImportService           : Saved price data for crypto symbol LTC at timestamp 1641178800000 with price 150.10000000
2024-11-05T15:40:20.791+02:00  INFO 31004 --- [CryptoRecommendationsService] [           main] c.e.c.service.CsvImportService           : Saved price data for crypto symbol LTC at timestamp 1641286800000 with price 149.30000000
2024-11-05T15:40:20.792+02:00  INFO 31004 --- [CryptoRecommendationsService] [           main] c.e.c.service.CsvImportService           : Saved price data for crypto symbol LTC at timestamp 1641340800000 with price 146.50000000
2024-11-05T15:40:20.793+02:00  INFO 31004 --- [CryptoRecommendationsService] [           main] c.e.c.service.CsvImportService           : Saved price data for crypto symbol LTC at timestamp 1641384000000 with price 147.90000000
2024-11-05T15:40:20.794+02:00  INFO 31004 --- [CryptoRecommendationsService] [           main] c.e.c.service.CsvImportService           : Saved price data for crypto symbol LTC at timestamp 1641423600000 with price 135.00000000
2024-11-05T15:40:20.795+02:00  INFO 31004 --- [CryptoRecommendationsService] [           main] c.e.c.service.CsvImportService           : Saved price data for crypto symbol LTC at timestamp 1641474000000 with price 134.60000000
2024-11-05T15:40:20.797+02:00  INFO 31004 --- [CryptoRecommendationsService] [           main] c.e.c.service.CsvImportService           : Saved price data for crypto symbol LTC at timestamp 1641546000000 with price 132.70000000
2024-11-05T15:40:20.798+02:00  INFO 31004 --- [CryptoRecommendationsService] [           main] c.e.c.service.CsvImportService           : Saved price data for crypto symbol LTC at timestamp 1641556800000 with price 133.40000000
2024-11-05T15:40:20.799+02:00  INFO 31004 --- [CryptoRecommendationsService] [           main] c.e.c.service.CsvImportService           : Saved price data for crypto symbol LTC at timestamp 1641585600000 with price 133.50000000
2024-11-05T15:40:20.800+02:00  INFO 31004 --- [CryptoRecommendationsService] [           main] c.e.c.service.CsvImportService           : Saved price data for crypto symbol LTC at timestamp 1641600000000 with price 131.40000000
2024-11-05T15:40:20.801+02:00  INFO 31004 --- [CryptoRecommendationsService] [           main] c.e.c.service.CsvImportService           : Saved price data for crypto symbol LTC at timestamp 1641610800000 with price 132.10000000
2024-11-05T15:40:20.802+02:00  INFO 31004 --- [CryptoRecommendationsService] [           main] c.e.c.service.CsvImportService           : Saved price data for crypto symbol LTC at timestamp 1641618000000 with price 132.80000000
2024-11-05T15:40:20.803+02:00  INFO 31004 --- [CryptoRecommendationsService] [           main] c.e.c.service.CsvImportService           : Saved price data for crypto symbol LTC at timestamp 1641758400000 with price 132.20000000
2024-11-05T15:40:20.805+02:00  INFO 31004 --- [CryptoRecommendationsService] [           main] c.e.c.service.CsvImportService           : Saved price data for crypto symbol LTC at timestamp 1641819600000 with price 127.40000000
2024-11-05T15:40:20.806+02:00  INFO 31004 --- [CryptoRecommendationsService] [           main] c.e.c.service.CsvImportService           : Saved price data for crypto symbol LTC at timestamp 1641834000000 with price 127.70000000
2024-11-05T15:40:20.807+02:00  INFO 31004 --- [CryptoRecommendationsService] [           main] c.e.c.service.CsvImportService           : Saved price data for crypto symbol LTC at timestamp 1641862800000 with price 126.00000000
2024-11-05T15:40:20.808+02:00  INFO 31004 --- [CryptoRecommendationsService] [           main] c.e.c.service.CsvImportService           : Saved price data for crypto symbol LTC at timestamp 1641870000000 with price 128.40000000
2024-11-05T15:40:20.811+02:00  INFO 31004 --- [CryptoRecommendationsService] [           main] c.e.c.service.CsvImportService           : Saved price data for crypto symbol LTC at timestamp 1641880800000 with price 128.70000000
2024-11-05T15:40:20.812+02:00  INFO 31004 --- [CryptoRecommendationsService] [           main] c.e.c.service.CsvImportService           : Saved price data for crypto symbol LTC at timestamp 1641945600000 with price 131.60000000
2024-11-05T15:40:20.813+02:00  INFO 31004 --- [CryptoRecommendationsService] [           main] c.e.c.service.CsvImportService           : Saved price data for crypto symbol LTC at timestamp 1641956400000 with price 131.30000000
2024-11-05T15:40:20.815+02:00  INFO 31004 --- [CryptoRecommendationsService] [           main] c.e.c.service.CsvImportService           : Saved price data for crypto symbol LTC at timestamp 1641988800000 with price 133.80000000
2024-11-05T15:40:20.816+02:00  INFO 31004 --- [CryptoRecommendationsService] [           main] c.e.c.service.CsvImportService           : Saved price data for crypto symbol LTC at timestamp 1642021200000 with price 140.50000000
2024-11-05T15:40:20.817+02:00  INFO 31004 --- [CryptoRecommendationsService] [           main] c.e.c.service.CsvImportService           : Saved price data for crypto symbol LTC at timestamp 1642024800000 with price 140.50000000
2024-11-05T15:40:20.818+02:00  INFO 31004 --- [CryptoRecommendationsService] [           main] c.e.c.service.CsvImportService           : Saved price data for crypto symbol LTC at timestamp 1642071600000 with price 138.90000000
2024-11-05T15:40:20.819+02:00  INFO 31004 --- [CryptoRecommendationsService] [           main] c.e.c.service.CsvImportService           : Saved price data for crypto symbol LTC at timestamp 1642114800000 with price 136.20000000
2024-11-05T15:40:20.820+02:00  INFO 31004 --- [CryptoRecommendationsService] [           main] c.e.c.service.CsvImportService           : Saved price data for crypto symbol LTC at timestamp 1642122000000 with price 138.00000000
2024-11-05T15:40:20.822+02:00  INFO 31004 --- [CryptoRecommendationsService] [           main] c.e.c.service.CsvImportService           : Saved price data for crypto symbol LTC at timestamp 1642136400000 with price 137.80000000
2024-11-05T15:40:20.823+02:00  INFO 31004 --- [CryptoRecommendationsService] [           main] c.e.c.service.CsvImportService           : Saved price data for crypto symbol LTC at timestamp 1642143600000 with price 138.90000000
2024-11-05T15:40:20.824+02:00  INFO 31004 --- [CryptoRecommendationsService] [           main] c.e.c.service.CsvImportService           : Saved price data for crypto symbol LTC at timestamp 1642154400000 with price 137.50000000
2024-11-05T15:40:20.826+02:00  INFO 31004 --- [CryptoRecommendationsService] [           main] c.e.c.service.CsvImportService           : Saved price data for crypto symbol LTC at timestamp 1642172400000 with price 145.20000000
2024-11-05T15:40:20.829+02:00  INFO 31004 --- [CryptoRecommendationsService] [           main] c.e.c.service.CsvImportService           : Saved price data for crypto symbol LTC at timestamp 1642176000000 with price 144.80000000
2024-11-05T15:40:20.832+02:00  INFO 31004 --- [CryptoRecommendationsService] [           main] c.e.c.service.CsvImportService           : Saved price data for crypto symbol LTC at timestamp 1642179600000 with price 144.80000000
2024-11-05T15:40:20.833+02:00  INFO 31004 --- [CryptoRecommendationsService] [           main] c.e.c.service.CsvImportService           : Saved price data for crypto symbol LTC at timestamp 1642230000000 with price 148.80000000
2024-11-05T15:40:20.834+02:00  INFO 31004 --- [CryptoRecommendationsService] [           main] c.e.c.service.CsvImportService           : Saved price data for crypto symbol LTC at timestamp 1642240800000 with price 148.60000000
2024-11-05T15:40:20.835+02:00  INFO 31004 --- [CryptoRecommendationsService] [           main] c.e.c.service.CsvImportService           : Saved price data for crypto symbol LTC at timestamp 1642302000000 with price 146.90000000
2024-11-05T15:40:20.836+02:00  INFO 31004 --- [CryptoRecommendationsService] [           main] c.e.c.service.CsvImportService           : Saved price data for crypto symbol LTC at timestamp 1642309200000 with price 146.10000000
2024-11-05T15:40:20.838+02:00  INFO 31004 --- [CryptoRecommendationsService] [           main] c.e.c.service.CsvImportService           : Saved price data for crypto symbol LTC at timestamp 1642356000000 with price 146.90000000
2024-11-05T15:40:20.839+02:00  INFO 31004 --- [CryptoRecommendationsService] [           main] c.e.c.service.CsvImportService           : Saved price data for crypto symbol LTC at timestamp 1642366800000 with price 145.90000000
2024-11-05T15:40:20.840+02:00  INFO 31004 --- [CryptoRecommendationsService] [           main] c.e.c.service.CsvImportService           : Saved price data for crypto symbol LTC at timestamp 1642388400000 with price 150.20000000
2024-11-05T15:40:20.842+02:00  INFO 31004 --- [CryptoRecommendationsService] [           main] c.e.c.service.CsvImportService           : Saved price data for crypto symbol LTC at timestamp 1642420800000 with price 151.50000000
2024-11-05T15:40:20.843+02:00  INFO 31004 --- [CryptoRecommendationsService] [           main] c.e.c.service.CsvImportService           : Saved price data for crypto symbol LTC at timestamp 1642449600000 with price 150.50000000
[...]
2024-11-05T15:40:20.908+02:00  INFO 31004 --- [CryptoRecommendationsService] [           main] c.e.c.service.CsvImportService           : Saved price data for crypto symbol XRP at timestamp 1641283200000 with price 0.82780000
2024-11-05T15:40:20.911+02:00  INFO 31004 --- [CryptoRecommendationsService] [           main] c.e.c.service.CsvImportService           : Saved price data for crypto symbol XRP at timestamp 1641322800000 with price 0.81990000
2024-11-05T15:40:20.914+02:00  INFO 31004 --- [CryptoRecommendationsService] [           main] c.e.c.service.CsvImportService           : Saved price data for crypto symbol XRP at timestamp 1641326400000 with price 0.82510000
2024-11-05T15:40:20.916+02:00  INFO 31004 --- [CryptoRecommendationsService] [           main] c.e.c.service.CsvImportService           : Saved price data for crypto symbol XRP at timestamp 1641376800000 with price 0.83370000
2024-11-05T15:40:20.923+02:00  INFO 31004 --- [CryptoRecommendationsService] [           main] c.e.c.service.CsvImportService           : Saved price data for crypto symbol XRP at timestamp 1641391200000 with price 0.82740000
2024-11-05T15:40:20.927+02:00  INFO 31004 --- [CryptoRecommendationsService] [           main] c.e.c.service.CsvImportService           : Saved price data for crypto symbol XRP at timestamp 1641405600000 with price 0.82070000
2024-11-05T15:40:20.928+02:00  INFO 31004 --- [CryptoRecommendationsService] [           main] c.e.c.service.CsvImportService           : Saved price data for crypto symbol XRP at timestamp 1641412800000 with price 0.79820000
2024-11-05T15:40:20.929+02:00  INFO 31004 --- [CryptoRecommendationsService] [           main] c.e.c.service.CsvImportService           : Saved price data for crypto symbol XRP at timestamp 1641423600000 with price 0.76190000
2024-11-05T15:40:20.930+02:00  INFO 31004 --- [CryptoRecommendationsService] [           main] c.e.c.service.CsvImportService           : Saved price data for crypto symbol XRP at timestamp 1641456000000 with price 0.76180000
2024-11-05T15:40:20.931+02:00  INFO 31004 --- [CryptoRecommendationsService] [           main] c.e.c.service.CsvImportService           : Saved price data for crypto symbol XRP at timestamp 1641463200000 with price 0.74180000
2024-11-05T15:40:20.932+02:00  INFO 31004 --- [CryptoRecommendationsService] [           main] c.e.c.service.CsvImportService           : Saved price data for crypto symbol XRP at timestamp 1641520800000 with price 0.77230000
2024-11-05T15:40:20.933+02:00  INFO 31004 --- [CryptoRecommendationsService] [           main] c.e.c.service.CsvImportService           : Saved price data for crypto symbol XRP at timestamp 1641531600000 with price 0.74920000
2024-11-05T15:40:20.934+02:00  INFO 31004 --- [CryptoRecommendationsService] [           main] c.e.c.service.CsvImportService           : Saved price data for crypto symbol XRP at timestamp 1641535200000 with price 0.75210000
2024-11-05T15:40:20.935+02:00  INFO 31004 --- [CryptoRecommendationsService] [           main] c.e.c.service.CsvImportService           : Saved price data for crypto symbol XRP at timestamp 1641621600000 with price 0.77270000
2024-11-05T15:40:20.936+02:00  INFO 31004 --- [CryptoRecommendationsService] [           main] c.e.c.service.CsvImportService           : Saved price data for crypto symbol XRP at timestamp 1641650400000 with price 0.76540000
2024-11-05T15:40:20.937+02:00  INFO 31004 --- [CryptoRecommendationsService] [           main] c.e.c.service.CsvImportService           : Saved price data for crypto symbol XRP at timestamp 1641654000000 with price 0.76060000
2024-11-05T15:40:20.938+02:00  INFO 31004 --- [CryptoRecommendationsService] [           main] c.e.c.service.CsvImportService           : Saved price data for crypto symbol XRP at timestamp 1641672000000 with price 0.73000000
2024-11-05T15:40:20.939+02:00  INFO 31004 --- [CryptoRecommendationsService] [           main] c.e.c.service.CsvImportService           : Saved price data for crypto symbol XRP at timestamp 1641697200000 with price 0.75560000
2024-11-05T15:40:20.940+02:00  INFO 31004 --- [CryptoRecommendationsService] [           main] c.e.c.service.CsvImportService           : Saved price data for crypto symbol XRP at timestamp 1641733200000 with price 0.74730000
2024-11-05T15:40:20.941+02:00  INFO 31004 --- [CryptoRecommendationsService] [           main] c.e.c.service.CsvImportService           : Saved price data for crypto symbol XRP at timestamp 1641751200000 with price 0.75560000
2024-11-05T15:40:20.942+02:00  INFO 31004 --- [CryptoRecommendationsService] [           main] c.e.c.service.CsvImportService           : Saved price data for crypto symbol XRP at timestamp 1641780000000 with price 0.75070000
2024-11-05T15:40:20.943+02:00  INFO 31004 --- [CryptoRecommendationsService] [           main] c.e.c.service.CsvImportService           : Saved price data for crypto symbol XRP at timestamp 1641808800000 with price 0.74740000
2024-11-05T15:40:20.944+02:00  INFO 31004 --- [CryptoRecommendationsService] [           main] c.e.c.service.CsvImportService           : Saved price data for crypto symbol XRP at timestamp 1641844800000 with price 0.72260000
2024-11-05T15:40:20.945+02:00  INFO 31004 --- [CryptoRecommendationsService] [           main] c.e.c.service.CsvImportService           : Saved price data for crypto symbol XRP at timestamp 1641884400000 with price 0.74680000
2024-11-05T15:40:20.946+02:00  INFO 31004 --- [CryptoRecommendationsService] [           main] c.e.c.service.CsvImportService           : Saved price data for crypto symbol XRP at timestamp 1641895200000 with price 0.73900000
2024-11-05T15:40:20.947+02:00  INFO 31004 --- [CryptoRecommendationsService] [           main] c.e.c.service.CsvImportService           : Saved price data for crypto symbol XRP at timestamp 1641902400000 with price 0.73970000
2024-11-05T15:40:20.949+02:00  INFO 31004 --- [CryptoRecommendationsService] [           main] c.e.c.service.CsvImportService           : Saved price data for crypto symbol XRP at timestamp 1641906000000 with price 0.74050000
2024-11-05T15:40:20.950+02:00  INFO 31004 --- [CryptoRecommendationsService] [           main] c.e.c.service.CsvImportService           : Saved price data for crypto symbol XRP at timestamp 1641916800000 with price 0.74100000
2024-11-05T15:40:20.951+02:00  INFO 31004 --- [CryptoRecommendationsService] [           main] c.e.c.service.CsvImportService           : Saved price data for crypto symbol XRP at timestamp 1642039200000 with price 0.79210000
2024-11-05T15:40:20.952+02:00  INFO 31004 --- [CryptoRecommendationsService] [           main] c.e.c.service.CsvImportService           : Saved price data for crypto symbol XRP at timestamp 1642053600000 with price 0.79300000
2024-11-05T15:40:20.953+02:00  INFO 31004 --- [CryptoRecommendationsService] [           main] c.e.c.service.CsvImportService           : Saved price data for crypto symbol XRP at timestamp 1642075200000 with price 0.78370000
2024-11-05T15:40:20.954+02:00  INFO 31004 --- [CryptoRecommendationsService] [           main] c.e.c.service.CsvImportService           : Saved price data for crypto symbol XRP at timestamp 1642093200000 with price 0.77630000
2024-11-05T15:40:20.955+02:00  INFO 31004 --- [CryptoRecommendationsService] [           main] c.e.c.service.CsvImportService           : Saved price data for crypto symbol XRP at timestamp 1642100400000 with price 0.76860000
2024-11-05T15:40:20.957+02:00  INFO 31004 --- [CryptoRecommendationsService] [           main] c.e.c.service.CsvImportService           : Saved price data for crypto symbol XRP at timestamp 1642165200000 with price 0.75960000
2024-11-05T15:40:20.959+02:00  INFO 31004 --- [CryptoRecommendationsService] [           main] c.e.c.service.CsvImportService           : Saved price data for crypto symbol XRP at timestamp 1642197600000 with price 0.77850000
2024-11-05T15:40:20.961+02:00  INFO 31004 --- [CryptoRecommendationsService] [           main] c.e.c.service.CsvImportService           : Saved price data for crypto symbol XRP at timestamp 1642392000000 with price 0.76700000
2024-11-05T15:40:20.962+02:00  INFO 31004 --- [CryptoRecommendationsService] [           main] c.e.c.service.CsvImportService           : Saved price data for crypto symbol XRP at timestamp 1642413600000 with price 0.76850000
2024-11-05T15:40:20.963+02:00  INFO 31004 --- [CryptoRecommendationsService] [           main] c.e.c.service.CsvImportService           : Saved price data for crypto symbol XRP at timestamp 1642431600000 with price 0.76280000
2024-11-05T15:40:20.965+02:00  INFO 31004 --- [CryptoRecommendationsService] [           main] c.e.c.service.CsvImportService           : Saved price data for crypto symbol XRP at timestamp 1642478400000 with price 0.75720000
2024-11-05T15:40:20.966+02:00  INFO 31004 --- [CryptoRecommendationsService] [           main] c.e.c.service.CsvImportService           : Saved price data for crypto symbol XRP at timestamp 1642482000000 with price 0.75270000
2024-11-05T15:40:20.966+02:00  INFO 31004 --- [CryptoRecommendationsService] [           main] c.e.c.service.CsvImportService           : Saved price data for crypto symbol XRP at timestamp 1642514400000 with price 0.74390000
2024-11-05T15:40:20.967+02:00  INFO 31004 --- [CryptoRecommendationsService] [           main] c.e.c.service.CsvImportService           : Saved price data for crypto symbol XRP at timestamp 1642528800000 with price 0.74270000
2024-11-05T15:40:20.968+02:00  INFO 31004 --- [CryptoRecommendationsService] [           main] c.e.c.service.CsvImportService           : Saved price data for crypto symbol XRP at timestamp 1642536000000 with price 0.74860000
2024-11-05T15:40:20.969+02:00  INFO 31004 --- [CryptoRecommendationsService] [           main] c.e.c.service.CsvImportService           : Saved price data for crypto symbol XRP at timestamp 1642550400000 with price 0.75100000
2024-11-05T15:40:20.970+02:00  INFO 31004 --- [CryptoRecommendationsService] [           main] c.e.c.service.CsvImportService           : Saved price data for crypto symbol XRP at timestamp 1642626000000 with price 0.73840000
2024-11-05T15:40:20.971+02:00  INFO 31004 --- [CryptoRecommendationsService] [           main] c.e.c.service.CsvImportService           : Saved price data for crypto symbol XRP at timestamp 1642654800000 with price 0.74420000
2024-11-05T15:40:20.972+02:00  INFO 31004 --- [CryptoRecommendationsService] [           main] c.e.c.service.CsvImportService           : Saved price data for crypto symbol XRP at timestamp 1642676400000 with price 0.74030000
2024-11-05T15:40:20.973+02:00  INFO 31004 --- [CryptoRecommendationsService] [           main] c.e.c.service.CsvImportService           : Saved price data for crypto symbol XRP at timestamp 1642698000000 with price 0.75830000
2024-11-05T15:40:20.974+02:00  INFO 31004 --- [CryptoRecommendationsService] [           main] c.e.c.service.CsvImportService           : Saved price data for crypto symbol XRP at timestamp 1642834800000 with price 0.61490000
2024-11-05T15:40:20.975+02:00  INFO 31004 --- [CryptoRecommendationsService] [           main] c.e.c.service.CsvImportService           : Saved price data for crypto symbol XRP at timestamp 1642867200000 with price 0.57410000
2024-11-05T15:40:20.976+02:00  INFO 31004 --- [CryptoRecommendationsService] [           main] c.e.c.service.CsvImportService           : Saved price data for crypto symbol XRP at timestamp 1642870800000 with price 0.58370000
2024-11-05T15:40:20.978+02:00  INFO 31004 --- [CryptoRecommendationsService] [           main] c.e.c.service.CsvImportService           : Saved price data for crypto symbol XRP at timestamp 1642906800000 with price 0.59060000
2024-11-05T15:40:20.978+02:00  INFO 31004 --- [CryptoRecommendationsService] [           main] c.e.c.service.CsvImportService           : Saved price data for crypto symbol XRP at timestamp 1642950000000 with price 0.60660000
2024-11-05T15:40:20.979+02:00  INFO 31004 --- [CryptoRecommendationsService] [           main] c.e.c.service.CsvImportService           : Saved price data for crypto symbol XRP at timestamp 1642957200000 with price 0.60290000
2024-11-05T15:40:20.981+02:00  INFO 31004 --- [CryptoRecommendationsService] [           main] c.e.c.service.CsvImportService           : Saved price data for crypto symbol XRP at timestamp 1642989600000 with price 0.61220000
2024-11-05T15:40:20.982+02:00  INFO 31004 --- [CryptoRecommendationsService] [           main] c.e.c.service.CsvImportService           : Saved price data for crypto symbol XRP at timestamp 1643022000000 with price 0.56160000
2024-11-05T15:40:20.983+02:00  INFO 31004 --- [CryptoRecommendationsService] [           main] c.e.c.service.CsvImportService           : Saved price data for crypto symbol XRP at timestamp 1643025600000 with price 0.56790000
2024-11-05T15:40:20.984+02:00  INFO 31004 --- [CryptoRecommendationsService] [           main] c.e.c.service.CsvImportService           : Saved price data for crypto symbol XRP at timestamp 1643065200000 with price 0.60830000
2024-11-05T15:40:20.985+02:00  INFO 31004 --- [CryptoRecommendationsService] [           main] c.e.c.service.CsvImportService           : Saved price data for crypto symbol XRP at timestamp 1643068800000 with price 0.61180000
2024-11-05T15:40:20.986+02:00  INFO 31004 --- [CryptoRecommendationsService] [           main] c.e.c.service.CsvImportService           : Saved price data for crypto symbol XRP at timestamp 1643104800000 with price 0.60080000
2024-11-05T15:40:20.987+02:00  INFO 31004 --- [CryptoRecommendationsService] [           main] c.e.c.service.CsvImportService           : Saved price data for crypto symbol XRP at timestamp 1643115600000 with price 0.60480000
2024-11-05T15:40:20.989+02:00  INFO 31004 --- [CryptoRecommendationsService] [           main] c.e.c.service.CsvImportService           : Saved price data for crypto symbol XRP at timestamp 1643191200000 with price 0.62730000
2024-11-05T15:40:20.990+02:00  INFO 31004 --- [CryptoRecommendationsService] [           main] c.e.c.service.CsvImportService           : Saved price data for crypto symbol XRP at timestamp 1643205600000 with price 0.63200000
2024-11-05T15:40:20.991+02:00  INFO 31004 --- [CryptoRecommendationsService] [           main] c.e.c.service.CsvImportService           : Saved price data for crypto symbol XRP at timestamp 1643216400000 with price 0.63450000
2024-11-05T15:40:20.992+02:00  INFO 31004 --- [CryptoRecommendationsService] [           main] c.e.c.service.CsvImportService           : Saved price data for crypto symbol XRP at timestamp 1643284800000 with price 0.60940000
2024-11-05T15:40:20.993+02:00  INFO 31004 --- [CryptoRecommendationsService] [           main] c.e.c.service.CsvImportService           : Saved price data for crypto symbol XRP at timestamp 1643302800000 with price 0.61080000
2024-11-05T15:40:20.994+02:00  INFO 31004 --- [CryptoRecommendationsService] [           main] c.e.c.service.CsvImportService           : Saved price data for crypto symbol XRP at timestamp 1643374800000 with price 0.59430000
2024-11-05T15:40:20.995+02:00  INFO 31004 --- [CryptoRecommendationsService] [           main] c.e.c.service.CsvImportService           : Saved price data for crypto symbol XRP at timestamp 1643389200000 with price 0.60330000
2024-11-05T15:40:20.997+02:00  INFO 31004 --- [CryptoRecommendationsService] [           main] c.e.c.service.CsvImportService           : Saved price data for crypto symbol XRP at timestamp 1643475600000 with price 0.61540000
2024-11-05T15:40:20.999+02:00  INFO 31004 --- [CryptoRecommendationsService] [           main] c.e.c.service.CsvImportService           : Saved price data for crypto symbol XRP at timestamp 1643482800000 with price 0.61660000
2024-11-05T15:40:21.000+02:00  INFO 31004 --- [CryptoRecommendationsService] [           main] c.e.c.service.CsvImportService           : Saved price data for crypto symbol XRP at timestamp 1643590800000 with price 0.58670000
Loaded CSV file: XRP_values.csv
2024-11-05T15:40:21.260+02:00  WARN 31004 --- [CryptoRecommendationsService] [           main] JpaBaseConfiguration$JpaWebConfiguration : spring.jpa.open-in-view is enabled by default. Therefore, database queries may be performed during view rendering. Explicitly configure spring.jpa.open-in-view to disable this warning
2024-11-05T15:40:21.666+02:00  INFO 31004 --- [CryptoRecommendationsService] [           main] o.s.b.a.h2.H2ConsoleAutoConfiguration    : H2 console available at '/h2-console'. Database available at 'jdbc:h2:~/cryptoservice'
2024-11-05T15:40:21.733+02:00  INFO 31004 --- [CryptoRecommendationsService] [           main] o.s.b.t.m.w.SpringBootMockServletContext : Initializing Spring TestDispatcherServlet ''
2024-11-05T15:40:21.733+02:00  INFO 31004 --- [CryptoRecommendationsService] [           main] o.s.t.web.servlet.TestDispatcherServlet  : Initializing Servlet ''
2024-11-05T15:40:21.734+02:00  INFO 31004 --- [CryptoRecommendationsService] [           main] o.s.t.web.servlet.TestDispatcherServlet  : Completed initialization in 1 ms
2024-11-05T15:40:21.754+02:00  INFO 31004 --- [CryptoRecommendationsService] [           main] c.e.c.controller.CryptoControllerTest    : Started CryptoControllerTest in 6.657 seconds (process running for 8.245)
2024-11-05T15:40:22.218+02:00  INFO 31004 --- [CryptoRecommendationsService] [           main] c.e.c.service.CryptoService              : Fetching all supported crypto symbols
2024-11-05T15:40:22.226+02:00  INFO 31004 --- [CryptoRecommendationsService] [           main] c.e.c.service.CryptoService              : Found 5 supported cryptos
]]></system-out>
    <system-err><![CDATA[WARNING: A Java agent has been loaded dynamically (C:\Users\louso\.m2\repository\net\bytebuddy\byte-buddy-agent\1.14.19\byte-buddy-agent-1.14.19.jar)
WARNING: If a serviceability tool is in use, please run with -XX:+EnableDynamicAgentLoading to hide this warning
WARNING: If a serviceability tool is not in use, please run with -Djdk.instrument.traceUsage for more information
WARNING: Dynamic loading of agents will be disallowed by default in a future release
]]></system-err>
  </testcase>
  <testcase name="testGetAllCryptoStats" classname="com.example.cryptorecommendationsservice.controller.CryptoControllerTest" time="0.413">
    <system-out><![CDATA[2024-11-05T15:40:22.317+02:00  INFO 31004 --- [CryptoRecommendationsService] [           main] c.e.c.service.CryptoService              : Fetching aggregated stats for all cryptos
]]></system-out>
  </testcase>
  <testcase name="testGetNormalizedRange" classname="com.example.cryptorecommendationsservice.controller.CryptoControllerTest" time="0.013">
    <system-out><![CDATA[2024-11-05T15:40:22.733+02:00  INFO 31004 --- [CryptoRecommendationsService] [           main] c.e.c.service.CryptoService              : Calculating normalized range for all cryptos
2024-11-05T15:40:22.733+02:00  INFO 31004 --- [CryptoRecommendationsService] [           main] c.e.c.service.CryptoService              : Fetching aggregated stats for all cryptos
]]></system-out>
  </testcase>
  <testcase name="testGetCryptoStats" classname="com.example.cryptorecommendationsservice.controller.CryptoControllerTest" time="0.069">
    <system-out><![CDATA[2024-11-05T15:40:22.767+02:00  INFO 31004 --- [CryptoRecommendationsService] [           main] c.e.c.service.CryptoService              : Fetching stats for crypto BTC
]]></system-out>
  </testcase>
  <testcase name="testGetHighestNormalizedRangeForDate" classname="com.example.cryptorecommendationsservice.controller.CryptoControllerTest" time="0.048">
    <system-out><![CDATA[2024-11-05T15:40:22.822+02:00  INFO 31004 --- [CryptoRecommendationsService] [           main] c.e.c.service.CryptoService              : Fetching crypto with the highest normalized range for date: 2022-01-24
]]></system-out>
  </testcase>
</testsuite>